{
  "/home/trinh.van.tan/certificate-verify/blockchain-explorer/client/src/FabricVersion.js": {
    "path": "/home/trinh.van.tan/certificate-verify/blockchain-explorer/client/src/FabricVersion.js",
    "statementMap": {
      "0": {
        "start": { "line": 3, "column": 16 },
        "end": { "line": 3, "column": 24 }
      }
    },
    "fnMap": {},
    "branchMap": {},
    "s": { "0": 2 },
    "f": {},
    "b": {},
    "_coverageSchema": "43e27e138ebf9cfc5966b082cf9a028302ed4184",
    "hash": "1799299b4c7afab01e6f3a309f8b8bd3e84f9554"
  },
  "/home/trinh.van.tan/certificate-verify/blockchain-explorer/client/src/components/ErrorMessage.js": {
    "path": "/home/trinh.van.tan/certificate-verify/blockchain-explorer/client/src/components/ErrorMessage.js",
    "statementMap": {
      "0": {
        "start": { "line": 6, "column": 15 },
        "end": { "line": 14, "column": 1 }
      },
      "1": {
        "start": { "line": 16, "column": 28 },
        "end": { "line": 20, "column": 1 }
      },
      "2": {
        "start": { "line": 17, "column": 1 },
        "end": { "line": 19, "column": 7 }
      }
    },
    "fnMap": {
      "0": {
        "name": "(anonymous_0)",
        "decl": {
          "start": { "line": 16, "column": 28 },
          "end": { "line": 16, "column": 29 }
        },
        "loc": {
          "start": { "line": 17, "column": 1 },
          "end": { "line": 19, "column": 7 }
        },
        "line": 17
      }
    },
    "branchMap": {},
    "s": { "0": 2, "1": 2, "2": 1 },
    "f": { "0": 1 },
    "b": {},
    "_coverageSchema": "43e27e138ebf9cfc5966b082cf9a028302ed4184",
    "hash": "65a6b1bf3b4ac6bc20c546f9f3d7a1a09cb30e36"
  },
  "/home/trinh.van.tan/certificate-verify/blockchain-explorer/client/src/components/App/App.js": {
    "path": "/home/trinh.van.tan/certificate-verify/blockchain-explorer/client/src/components/App/App.js",
    "statementMap": {
      "0": {
        "start": { "line": 45, "column": 2 },
        "end": { "line": 45, "column": 15 }
      },
      "1": {
        "start": { "line": 46, "column": 2 },
        "end": { "line": 48, "column": 4 }
      },
      "2": {
        "start": { "line": 51, "column": 20 },
        "end": { "line": 53, "column": 2 }
      },
      "3": {
        "start": { "line": 52, "column": 2 },
        "end": { "line": 52, "column": 36 }
      },
      "4": {
        "start": { "line": 55, "column": 20 },
        "end": { "line": 57, "column": 2 }
      },
      "5": {
        "start": { "line": 56, "column": 2 },
        "end": { "line": 56, "column": 31 }
      },
      "6": {
        "start": { "line": 60, "column": 19 },
        "end": { "line": 60, "column": 29 }
      },
      "7": {
        "start": { "line": 61, "column": 22 },
        "end": { "line": 61, "column": 32 }
      },
      "8": {
        "start": { "line": 62, "column": 2 },
        "end": { "line": 64, "column": 3 }
      },
      "9": {
        "start": { "line": 63, "column": 3 },
        "end": { "line": 63, "column": 67 }
      },
      "10": {
        "start": { "line": 65, "column": 35 },
        "end": { "line": 65, "column": 45 }
      },
      "11": {
        "start": { "line": 66, "column": 20 },
        "end": { "line": 66, "column": 76 }
      },
      "12": {
        "start": { "line": 67, "column": 2 },
        "end": { "line": 83, "column": 4 }
      },
      "13": {
        "start": { "line": 76, "column": 29 },
        "end": { "line": 76, "column": 54 }
      },
      "14": {
        "start": { "line": 78, "column": 46 },
        "end": { "line": 78, "column": 70 }
      },
      "15": {
        "start": { "line": 87, "column": 25 },
        "end": { "line": 87, "column": 39 }
      },
      "16": {
        "start": { "line": 88, "column": 24 },
        "end": { "line": 88, "column": 36 }
      },
      "17": {
        "start": { "line": 89, "column": 33 },
        "end": { "line": 89, "column": 47 }
      },
      "18": {
        "start": { "line": 90, "column": 25 },
        "end": { "line": 90, "column": 38 }
      },
      "19": {
        "start": { "line": 95, "column": 12 },
        "end": { "line": 99, "column": 3 }
      }
    },
    "fnMap": {
      "0": {
        "name": "(anonymous_0)",
        "decl": {
          "start": { "line": 44, "column": 1 },
          "end": { "line": 44, "column": 2 }
        },
        "loc": {
          "start": { "line": 44, "column": 20 },
          "end": { "line": 49, "column": 2 }
        },
        "line": 44
      },
      "1": {
        "name": "(anonymous_1)",
        "decl": {
          "start": { "line": 51, "column": 20 },
          "end": { "line": 51, "column": 21 }
        },
        "loc": {
          "start": { "line": 51, "column": 26 },
          "end": { "line": 53, "column": 2 }
        },
        "line": 51
      },
      "2": {
        "name": "(anonymous_2)",
        "decl": {
          "start": { "line": 55, "column": 20 },
          "end": { "line": 55, "column": 21 }
        },
        "loc": {
          "start": { "line": 55, "column": 28 },
          "end": { "line": 57, "column": 2 }
        },
        "line": 55
      },
      "3": {
        "name": "(anonymous_3)",
        "decl": {
          "start": { "line": 59, "column": 1 },
          "end": { "line": 59, "column": 2 }
        },
        "loc": {
          "start": { "line": 59, "column": 10 },
          "end": { "line": 84, "column": 2 }
        },
        "line": 59
      },
      "4": {
        "name": "(anonymous_4)",
        "decl": {
          "start": { "line": 76, "column": 15 },
          "end": { "line": 76, "column": 16 }
        },
        "loc": {
          "start": { "line": 76, "column": 29 },
          "end": { "line": 76, "column": 54 }
        },
        "line": 76
      },
      "5": {
        "name": "(anonymous_5)",
        "decl": {
          "start": { "line": 78, "column": 32 },
          "end": { "line": 78, "column": 33 }
        },
        "loc": {
          "start": { "line": 78, "column": 46 },
          "end": { "line": 78, "column": 70 }
        },
        "line": 78
      },
      "6": {
        "name": "(anonymous_6)",
        "decl": {
          "start": { "line": 95, "column": 2 },
          "end": { "line": 95, "column": 3 }
        },
        "loc": {
          "start": { "line": 95, "column": 12 },
          "end": { "line": 99, "column": 3 }
        },
        "line": 95
      }
    },
    "branchMap": {
      "0": {
        "loc": {
          "start": { "line": 62, "column": 2 },
          "end": { "line": 64, "column": 3 }
        },
        "type": "if",
        "locations": [
          {
            "start": { "line": 62, "column": 2 },
            "end": { "line": 64, "column": 3 }
          },
          {
            "start": { "line": 62, "column": 2 },
            "end": { "line": 64, "column": 3 }
          }
        ],
        "line": 62
      },
      "1": {
        "loc": {
          "start": { "line": 62, "column": 6 },
          "end": { "line": 62, "column": 21 }
        },
        "type": "binary-expr",
        "locations": [
          {
            "start": { "line": 62, "column": 6 },
            "end": { "line": 62, "column": 10 }
          },
          {
            "start": { "line": 62, "column": 14 },
            "end": { "line": 62, "column": 21 }
          }
        ],
        "line": 62
      },
      "2": {
        "loc": {
          "start": { "line": 66, "column": 31 },
          "end": { "line": 66, "column": 62 }
        },
        "type": "binary-expr",
        "locations": [
          {
            "start": { "line": 66, "column": 31 },
            "end": { "line": 66, "column": 46 }
          },
          {
            "start": { "line": 66, "column": 50 },
            "end": { "line": 66, "column": 62 }
          }
        ],
        "line": 66
      },
      "3": {
        "loc": {
          "start": { "line": 69, "column": 5 },
          "end": { "line": 69, "column": 55 }
        },
        "type": "binary-expr",
        "locations": [
          {
            "start": { "line": 69, "column": 5 },
            "end": { "line": 69, "column": 9 }
          },
          {
            "start": { "line": 69, "column": 13 },
            "end": { "line": 69, "column": 55 }
          }
        ],
        "line": 69
      },
      "4": {
        "loc": {
          "start": { "line": 70, "column": 5 },
          "end": { "line": 70, "column": 46 }
        },
        "type": "binary-expr",
        "locations": [
          {
            "start": { "line": 70, "column": 5 },
            "end": { "line": 70, "column": 10 }
          },
          {
            "start": { "line": 70, "column": 14 },
            "end": { "line": 70, "column": 46 }
          }
        ],
        "line": 70
      },
      "5": {
        "loc": {
          "start": { "line": 81, "column": 5 },
          "end": { "line": 81, "column": 23 }
        },
        "type": "binary-expr",
        "locations": [
          {
            "start": { "line": 81, "column": 5 },
            "end": { "line": 81, "column": 9 }
          },
          {
            "start": { "line": 81, "column": 13 },
            "end": { "line": 81, "column": 23 }
          }
        ],
        "line": 81
      }
    },
    "s": {
      "0": 5,
      "1": 5,
      "2": 5,
      "3": 0,
      "4": 5,
      "5": 0,
      "6": 11,
      "7": 11,
      "8": 11,
      "9": 2,
      "10": 9,
      "11": 9,
      "12": 9,
      "13": 0,
      "14": 0,
      "15": 1,
      "16": 1,
      "17": 1,
      "18": 1,
      "19": 0
    },
    "f": { "0": 5, "1": 0, "2": 0, "3": 11, "4": 0, "5": 0, "6": 0 },
    "b": {
      "0": [2, 9],
      "1": [11, 4],
      "2": [9, 0],
      "3": [9, 2],
      "4": [9, 0],
      "5": [9, 2]
    },
    "_coverageSchema": "43e27e138ebf9cfc5966b082cf9a028302ed4184",
    "hash": "a7d42f6faef57b7b840d33c3e163705aaec07d88"
  },
  "/home/trinh.van.tan/certificate-verify/blockchain-explorer/client/src/components/Charts/ChartStats.js": {
    "path": "/home/trinh.van.tan/certificate-verify/blockchain-explorer/client/src/components/Charts/ChartStats.js",
    "statementMap": {
      "0": {
        "start": { "line": 32, "column": 4 },
        "end": { "line": 32, "column": 18 }
      },
      "1": {
        "start": { "line": 48, "column": 2 },
        "end": { "line": 48, "column": 15 }
      },
      "2": {
        "start": { "line": 49, "column": 2 },
        "end": { "line": 51, "column": 4 }
      },
      "3": {
        "start": { "line": 55, "column": 2 },
        "end": { "line": 58, "column": 12 }
      },
      "4": {
        "start": { "line": 56, "column": 30 },
        "end": { "line": 56, "column": 40 }
      },
      "5": {
        "start": { "line": 57, "column": 3 },
        "end": { "line": 57, "column": 33 }
      },
      "6": {
        "start": { "line": 62, "column": 2 },
        "end": { "line": 62, "column": 31 }
      },
      "7": {
        "start": { "line": 65, "column": 12 },
        "end": { "line": 77, "column": 2 }
      },
      "8": {
        "start": { "line": 71, "column": 6 },
        "end": { "line": 71, "column": 16 }
      },
      "9": {
        "start": { "line": 73, "column": 2 },
        "end": { "line": 73, "column": 34 }
      },
      "10": {
        "start": { "line": 74, "column": 2 },
        "end": { "line": 74, "column": 35 }
      },
      "11": {
        "start": { "line": 75, "column": 2 },
        "end": { "line": 75, "column": 39 }
      },
      "12": {
        "start": { "line": 76, "column": 2 },
        "end": { "line": 76, "column": 40 }
      },
      "13": {
        "start": { "line": 79, "column": 17 },
        "end": { "line": 100, "column": 2 }
      },
      "14": {
        "start": { "line": 80, "column": 16 },
        "end": { "line": 80, "column": 17 }
      },
      "15": {
        "start": { "line": 81, "column": 22 },
        "end": { "line": 92, "column": 4 }
      },
      "16": {
        "start": { "line": 82, "column": 3 },
        "end": { "line": 84, "column": 4 }
      },
      "17": {
        "start": { "line": 83, "column": 4 },
        "end": { "line": 83, "column": 39 }
      },
      "18": {
        "start": { "line": 86, "column": 3 },
        "end": { "line": 91, "column": 5 }
      },
      "19": {
        "start": { "line": 94, "column": 2 },
        "end": { "line": 94, "column": 15 }
      },
      "20": {
        "start": { "line": 96, "column": 2 },
        "end": { "line": 99, "column": 4 }
      },
      "21": {
        "start": { "line": 102, "column": 10 },
        "end": { "line": 106, "column": 2 }
      },
      "22": {
        "start": { "line": 103, "column": 2 },
        "end": { "line": 105, "column": 5 }
      },
      "23": {
        "start": { "line": 109, "column": 24 },
        "end": { "line": 109, "column": 34 }
      },
      "24": {
        "start": { "line": 116, "column": 6 },
        "end": { "line": 116, "column": 16 }
      },
      "25": {
        "start": { "line": 118, "column": 2 },
        "end": { "line": 185, "column": 4 }
      },
      "26": {
        "start": { "line": 127, "column": 8 },
        "end": { "line": 127, "column": 25 }
      },
      "27": {
        "start": { "line": 139, "column": 8 },
        "end": { "line": 139, "column": 25 }
      },
      "28": {
        "start": { "line": 151, "column": 8 },
        "end": { "line": 151, "column": 25 }
      },
      "29": {
        "start": { "line": 163, "column": 8 },
        "end": { "line": 163, "column": 25 }
      },
      "30": {
        "start": { "line": 189, "column": 0 },
        "end": { "line": 199, "column": 2 }
      },
      "31": {
        "start": { "line": 204, "column": 12 },
        "end": { "line": 210, "column": 3 }
      }
    },
    "fnMap": {
      "0": {
        "name": "(anonymous_0)",
        "decl": {
          "start": { "line": 47, "column": 1 },
          "end": { "line": 47, "column": 2 }
        },
        "loc": {
          "start": { "line": 47, "column": 20 },
          "end": { "line": 52, "column": 2 }
        },
        "line": 47
      },
      "1": {
        "name": "(anonymous_1)",
        "decl": {
          "start": { "line": 54, "column": 1 },
          "end": { "line": 54, "column": 2 }
        },
        "loc": {
          "start": { "line": 54, "column": 21 },
          "end": { "line": 59, "column": 2 }
        },
        "line": 54
      },
      "2": {
        "name": "(anonymous_2)",
        "decl": {
          "start": { "line": 55, "column": 30 },
          "end": { "line": 55, "column": 31 }
        },
        "loc": {
          "start": { "line": 55, "column": 36 },
          "end": { "line": 58, "column": 3 }
        },
        "line": 55
      },
      "3": {
        "name": "(anonymous_3)",
        "decl": {
          "start": { "line": 61, "column": 1 },
          "end": { "line": 61, "column": 2 }
        },
        "loc": {
          "start": { "line": 61, "column": 24 },
          "end": { "line": 63, "column": 2 }
        },
        "line": 61
      },
      "4": {
        "name": "(anonymous_4)",
        "decl": {
          "start": { "line": 65, "column": 12 },
          "end": { "line": 65, "column": 13 }
        },
        "loc": {
          "start": { "line": 65, "column": 30 },
          "end": { "line": 77, "column": 2 }
        },
        "line": 65
      },
      "5": {
        "name": "(anonymous_5)",
        "decl": {
          "start": { "line": 79, "column": 17 },
          "end": { "line": 79, "column": 18 }
        },
        "loc": {
          "start": { "line": 79, "column": 37 },
          "end": { "line": 100, "column": 2 }
        },
        "line": 79
      },
      "6": {
        "name": "(anonymous_6)",
        "decl": {
          "start": { "line": 81, "column": 36 },
          "end": { "line": 81, "column": 37 }
        },
        "loc": {
          "start": { "line": 81, "column": 44 },
          "end": { "line": 92, "column": 3 }
        },
        "line": 81
      },
      "7": {
        "name": "(anonymous_7)",
        "decl": {
          "start": { "line": 102, "column": 10 },
          "end": { "line": 102, "column": 11 }
        },
        "loc": {
          "start": { "line": 102, "column": 17 },
          "end": { "line": 106, "column": 2 }
        },
        "line": 102
      },
      "8": {
        "name": "(anonymous_8)",
        "decl": {
          "start": { "line": 108, "column": 1 },
          "end": { "line": 108, "column": 2 }
        },
        "loc": {
          "start": { "line": 108, "column": 10 },
          "end": { "line": 186, "column": 2 }
        },
        "line": 108
      },
      "9": {
        "name": "(anonymous_9)",
        "decl": {
          "start": { "line": 126, "column": 16 },
          "end": { "line": 126, "column": 17 }
        },
        "loc": {
          "start": { "line": 126, "column": 22 },
          "end": { "line": 128, "column": 8 }
        },
        "line": 126
      },
      "10": {
        "name": "(anonymous_10)",
        "decl": {
          "start": { "line": 138, "column": 16 },
          "end": { "line": 138, "column": 17 }
        },
        "loc": {
          "start": { "line": 138, "column": 22 },
          "end": { "line": 140, "column": 8 }
        },
        "line": 138
      },
      "11": {
        "name": "(anonymous_11)",
        "decl": {
          "start": { "line": 150, "column": 16 },
          "end": { "line": 150, "column": 17 }
        },
        "loc": {
          "start": { "line": 150, "column": 22 },
          "end": { "line": 152, "column": 8 }
        },
        "line": 150
      },
      "12": {
        "name": "(anonymous_12)",
        "decl": {
          "start": { "line": 162, "column": 16 },
          "end": { "line": 162, "column": 17 }
        },
        "loc": {
          "start": { "line": 162, "column": 22 },
          "end": { "line": 164, "column": 8 }
        },
        "line": 162
      },
      "13": {
        "name": "(anonymous_13)",
        "decl": {
          "start": { "line": 204, "column": 2 },
          "end": { "line": 204, "column": 3 }
        },
        "loc": {
          "start": { "line": 204, "column": 12 },
          "end": { "line": 210, "column": 3 }
        },
        "line": 204
      }
    },
    "branchMap": {
      "0": {
        "loc": {
          "start": { "line": 79, "column": 18 },
          "end": { "line": 79, "column": 32 }
        },
        "type": "default-arg",
        "locations": [
          {
            "start": { "line": 79, "column": 30 },
            "end": { "line": 79, "column": 32 }
          }
        ],
        "line": 79
      },
      "1": {
        "loc": {
          "start": { "line": 82, "column": 3 },
          "end": { "line": 84, "column": 4 }
        },
        "type": "if",
        "locations": [
          {
            "start": { "line": 82, "column": 3 },
            "end": { "line": 84, "column": 4 }
          },
          {
            "start": { "line": 82, "column": 3 },
            "end": { "line": 84, "column": 4 }
          }
        ],
        "line": 82
      }
    },
    "s": {
      "0": 4,
      "1": 12,
      "2": 12,
      "3": 12,
      "4": 2,
      "5": 2,
      "6": 0,
      "7": 12,
      "8": 3,
      "9": 3,
      "10": 3,
      "11": 3,
      "12": 3,
      "13": 12,
      "14": 78,
      "15": 78,
      "16": 2754,
      "17": 1,
      "18": 2754,
      "19": 78,
      "20": 78,
      "21": 12,
      "22": 7,
      "23": 19,
      "24": 19,
      "25": 19,
      "26": 2,
      "27": 2,
      "28": 2,
      "29": 1,
      "30": 4,
      "31": 0
    },
    "f": {
      "0": 12,
      "1": 12,
      "2": 2,
      "3": 0,
      "4": 3,
      "5": 78,
      "6": 2754,
      "7": 7,
      "8": 19,
      "9": 2,
      "10": 2,
      "11": 2,
      "12": 1,
      "13": 0
    },
    "b": { "0": [12], "1": [1, 2753] },
    "_coverageSchema": "43e27e138ebf9cfc5966b082cf9a028302ed4184",
    "hash": "85d85c88b1a2d96f09878424b9c3072d4d6b6708"
  },
  "/home/trinh.van.tan/certificate-verify/blockchain-explorer/client/src/components/Charts/OrgPieChart.js": {
    "path": "/home/trinh.van.tan/certificate-verify/blockchain-explorer/client/src/components/Charts/OrgPieChart.js",
    "statementMap": {
      "0": {
        "start": { "line": 39, "column": 13 },
        "end": { "line": 39, "column": 14 }
      },
      "1": {
        "start": { "line": 40, "column": 1 },
        "end": { "line": 42, "column": 2 }
      },
      "2": {
        "start": { "line": 40, "column": 14 },
        "end": { "line": 40, "column": 15 }
      },
      "3": {
        "start": { "line": 41, "column": 2 },
        "end": { "line": 41, "column": 53 }
      },
      "4": {
        "start": { "line": 43, "column": 1 },
        "end": { "line": 43, "column": 14 }
      },
      "5": {
        "start": { "line": 47, "column": 11 },
        "end": { "line": 47, "column": 54 }
      },
      "6": {
        "start": { "line": 48, "column": 1 },
        "end": { "line": 48, "column": 53 }
      },
      "7": {
        "start": { "line": 52, "column": 19 },
        "end": { "line": 52, "column": 30 }
      },
      "8": {
        "start": { "line": 53, "column": 1 },
        "end": { "line": 53, "column": 18 }
      },
      "9": {
        "start": { "line": 57, "column": 1 },
        "end": { "line": 57, "column": 55 }
      },
      "10": {
        "start": { "line": 62, "column": 2 },
        "end": { "line": 62, "column": 15 }
      },
      "11": {
        "start": { "line": 63, "column": 2 },
        "end": { "line": 69, "column": 4 }
      },
      "12": {
        "start": { "line": 73, "column": 31 },
        "end": { "line": 73, "column": 41 }
      },
      "13": {
        "start": { "line": 74, "column": 2 },
        "end": { "line": 74, "column": 38 }
      },
      "14": {
        "start": { "line": 78, "column": 31 },
        "end": { "line": 78, "column": 41 }
      },
      "15": {
        "start": { "line": 79, "column": 2 },
        "end": { "line": 81, "column": 3 }
      },
      "16": {
        "start": { "line": 80, "column": 3 },
        "end": { "line": 80, "column": 49 }
      },
      "17": {
        "start": { "line": 84, "column": 16 },
        "end": { "line": 94, "column": 2 }
      },
      "18": {
        "start": { "line": 85, "column": 15 },
        "end": { "line": 85, "column": 17 }
      },
      "19": {
        "start": { "line": 86, "column": 2 },
        "end": { "line": 92, "column": 5 }
      },
      "20": {
        "start": { "line": 87, "column": 3 },
        "end": { "line": 91, "column": 6 }
      },
      "21": {
        "start": { "line": 93, "column": 2 },
        "end": { "line": 93, "column": 32 }
      },
      "22": {
        "start": { "line": 97, "column": 19 },
        "end": { "line": 97, "column": 29 }
      },
      "23": {
        "start": { "line": 98, "column": 22 },
        "end": { "line": 98, "column": 32 }
      },
      "24": {
        "start": { "line": 99, "column": 2 },
        "end": { "line": 116, "column": 4 }
      },
      "25": {
        "start": { "line": 120, "column": 0 },
        "end": { "line": 122, "column": 2 }
      }
    },
    "fnMap": {
      "0": {
        "name": "intConversion",
        "decl": {
          "start": { "line": 38, "column": 9 },
          "end": { "line": 38, "column": 22 }
        },
        "loc": {
          "start": { "line": 38, "column": 28 },
          "end": { "line": 44, "column": 1 }
        },
        "line": 38
      },
      "1": {
        "name": "getRGBColor",
        "decl": {
          "start": { "line": 46, "column": 9 },
          "end": { "line": 46, "column": 20 }
        },
        "loc": {
          "start": { "line": 46, "column": 24 },
          "end": { "line": 49, "column": 1 }
        },
        "line": 46
      },
      "2": {
        "name": "convertSha256",
        "decl": {
          "start": { "line": 51, "column": 9 },
          "end": { "line": 51, "column": 22 }
        },
        "loc": {
          "start": { "line": 51, "column": 28 },
          "end": { "line": 54, "column": 1 }
        },
        "line": 51
      },
      "3": {
        "name": "getOrgColor",
        "decl": {
          "start": { "line": 56, "column": 16 },
          "end": { "line": 56, "column": 27 }
        },
        "loc": {
          "start": { "line": 56, "column": 33 },
          "end": { "line": 58, "column": 1 }
        },
        "line": 56
      },
      "4": {
        "name": "(anonymous_4)",
        "decl": {
          "start": { "line": 61, "column": 1 },
          "end": { "line": 61, "column": 2 }
        },
        "loc": {
          "start": { "line": 61, "column": 20 },
          "end": { "line": 70, "column": 2 }
        },
        "line": 61
      },
      "5": {
        "name": "(anonymous_5)",
        "decl": {
          "start": { "line": 72, "column": 1 },
          "end": { "line": 72, "column": 2 }
        },
        "loc": {
          "start": { "line": 72, "column": 21 },
          "end": { "line": 75, "column": 2 }
        },
        "line": 72
      },
      "6": {
        "name": "(anonymous_6)",
        "decl": {
          "start": { "line": 77, "column": 1 },
          "end": { "line": 77, "column": 2 }
        },
        "loc": {
          "start": { "line": 77, "column": 38 },
          "end": { "line": 82, "column": 2 }
        },
        "line": 77
      },
      "7": {
        "name": "(anonymous_7)",
        "decl": {
          "start": { "line": 84, "column": 16 },
          "end": { "line": 84, "column": 17 }
        },
        "loc": {
          "start": { "line": 84, "column": 27 },
          "end": { "line": 94, "column": 2 }
        },
        "line": 84
      },
      "8": {
        "name": "(anonymous_8)",
        "decl": {
          "start": { "line": 86, "column": 18 },
          "end": { "line": 86, "column": 19 }
        },
        "loc": {
          "start": { "line": 86, "column": 29 },
          "end": { "line": 92, "column": 3 }
        },
        "line": 86
      },
      "9": {
        "name": "(anonymous_9)",
        "decl": {
          "start": { "line": 96, "column": 1 },
          "end": { "line": 96, "column": 2 }
        },
        "loc": {
          "start": { "line": 96, "column": 10 },
          "end": { "line": 117, "column": 2 }
        },
        "line": 96
      }
    },
    "branchMap": {
      "0": {
        "loc": {
          "start": { "line": 79, "column": 2 },
          "end": { "line": 81, "column": 3 }
        },
        "type": "if",
        "locations": [
          {
            "start": { "line": 79, "column": 2 },
            "end": { "line": 81, "column": 3 }
          },
          {
            "start": { "line": 79, "column": 2 },
            "end": { "line": 81, "column": 3 }
          }
        ],
        "line": 79
      }
    },
    "s": {
      "0": 9,
      "1": 9,
      "2": 9,
      "3": 576,
      "4": 9,
      "5": 9,
      "6": 9,
      "7": 9,
      "8": 9,
      "9": 9,
      "10": 2,
      "11": 2,
      "12": 2,
      "13": 2,
      "14": 1,
      "15": 1,
      "16": 1,
      "17": 2,
      "18": 3,
      "19": 3,
      "20": 9,
      "21": 3,
      "22": 5,
      "23": 5,
      "24": 5,
      "25": 4
    },
    "f": {
      "0": 9,
      "1": 9,
      "2": 9,
      "3": 9,
      "4": 2,
      "5": 2,
      "6": 1,
      "7": 3,
      "8": 9,
      "9": 5
    },
    "b": { "0": [1, 0] },
    "_coverageSchema": "43e27e138ebf9cfc5966b082cf9a028302ed4184",
    "hash": "2a9705cfe5eedeab8c97fd24da15cb0fae4cf8e1"
  },
  "/home/trinh.van.tan/certificate-verify/blockchain-explorer/client/src/components/Charts/TimeChart.js": {
    "path": "/home/trinh.van.tan/certificate-verify/blockchain-explorer/client/src/components/Charts/TimeChart.js",
    "statementMap": {
      "0": {
        "start": { "line": 20, "column": 15 },
        "end": { "line": 41, "column": 1 }
      },
      "1": {
        "start": { "line": 21, "column": 19 },
        "end": { "line": 21, "column": 32 }
      },
      "2": {
        "start": { "line": 22, "column": 15 },
        "end": { "line": 22, "column": 30 }
      },
      "3": {
        "start": { "line": 23, "column": 2 },
        "end": { "line": 40, "column": 4 }
      },
      "4": {
        "start": { "line": 43, "column": 25 },
        "end": { "line": 63, "column": 1 }
      },
      "5": {
        "start": { "line": 44, "column": 2 },
        "end": { "line": 62, "column": 8 }
      },
      "6": {
        "start": { "line": 65, "column": 0 },
        "end": { "line": 67, "column": 2 }
      }
    },
    "fnMap": {
      "0": {
        "name": "(anonymous_0)",
        "decl": {
          "start": { "line": 20, "column": 15 },
          "end": { "line": 20, "column": 16 }
        },
        "loc": {
          "start": { "line": 20, "column": 26 },
          "end": { "line": 41, "column": 1 }
        },
        "line": 20
      },
      "1": {
        "name": "(anonymous_1)",
        "decl": {
          "start": { "line": 43, "column": 25 },
          "end": { "line": 43, "column": 26 }
        },
        "loc": {
          "start": { "line": 44, "column": 2 },
          "end": { "line": 62, "column": 8 }
        },
        "line": 44
      }
    },
    "branchMap": {
      "0": {
        "loc": {
          "start": { "line": 25, "column": 23 },
          "end": { "line": 25, "column": 51 }
        },
        "type": "cond-expr",
        "locations": [
          {
            "start": { "line": 25, "column": 30 },
            "end": { "line": 25, "column": 39 }
          },
          {
            "start": { "line": 25, "column": 42 },
            "end": { "line": 25, "column": 51 }
          }
        ],
        "line": 25
      },
      "1": {
        "loc": {
          "start": { "line": 27, "column": 14 },
          "end": { "line": 27, "column": 74 }
        },
        "type": "cond-expr",
        "locations": [
          {
            "start": { "line": 27, "column": 21 },
            "end": { "line": 27, "column": 51 }
          },
          {
            "start": { "line": 27, "column": 54 },
            "end": { "line": 27, "column": 74 }
          }
        ],
        "line": 27
      },
      "2": {
        "loc": {
          "start": { "line": 30, "column": 16 },
          "end": { "line": 30, "column": 66 }
        },
        "type": "cond-expr",
        "locations": [
          {
            "start": { "line": 30, "column": 23 },
            "end": { "line": 30, "column": 43 }
          },
          {
            "start": { "line": 30, "column": 46 },
            "end": { "line": 30, "column": 66 }
          }
        ],
        "line": 30
      },
      "3": {
        "loc": {
          "start": { "line": 34, "column": 14 },
          "end": { "line": 34, "column": 53 }
        },
        "type": "cond-expr",
        "locations": [
          {
            "start": { "line": 34, "column": 21 },
            "end": { "line": 34, "column": 41 }
          },
          {
            "start": { "line": 34, "column": 44 },
            "end": { "line": 34, "column": 53 }
          }
        ],
        "line": 34
      },
      "4": {
        "loc": {
          "start": { "line": 37, "column": 16 },
          "end": { "line": 37, "column": 44 }
        },
        "type": "cond-expr",
        "locations": [
          {
            "start": { "line": 37, "column": 23 },
            "end": { "line": 37, "column": 32 }
          },
          {
            "start": { "line": 37, "column": 35 },
            "end": { "line": 37, "column": 44 }
          }
        ],
        "line": 37
      }
    },
    "s": { "0": 5, "1": 2, "2": 2, "3": 2, "4": 5, "5": 14, "6": 5 },
    "f": { "0": 2, "1": 14 },
    "b": { "0": [1, 1], "1": [1, 1], "2": [1, 1], "3": [1, 1], "4": [1, 1] },
    "_coverageSchema": "43e27e138ebf9cfc5966b082cf9a028302ed4184",
    "hash": "4c4800a2a793fb8c939aa307f2041de9abb9cb06"
  },
  "/home/trinh.van.tan/certificate-verify/blockchain-explorer/client/src/components/Footer/FooterView.js": {
    "path": "/home/trinh.van.tan/certificate-verify/blockchain-explorer/client/src/components/Footer/FooterView.js",
    "statementMap": {
      "0": {
        "start": { "line": 10, "column": 15 },
        "end": { "line": 27, "column": 1 }
      },
      "1": {
        "start": { "line": 11, "column": 19 },
        "end": { "line": 11, "column": 32 }
      },
      "2": {
        "start": { "line": 12, "column": 15 },
        "end": { "line": 12, "column": 30 }
      },
      "3": {
        "start": { "line": 13, "column": 2 },
        "end": { "line": 26, "column": 4 }
      },
      "4": {
        "start": { "line": 29, "column": 19 },
        "end": { "line": 40, "column": 1 }
      },
      "5": {
        "start": { "line": 30, "column": 2 },
        "end": { "line": 39, "column": 8 }
      },
      "6": {
        "start": { "line": 36, "column": 53 },
        "end": { "line": 36, "column": 54 }
      }
    },
    "fnMap": {
      "0": {
        "name": "(anonymous_0)",
        "decl": {
          "start": { "line": 10, "column": 15 },
          "end": { "line": 10, "column": 16 }
        },
        "loc": {
          "start": { "line": 10, "column": 24 },
          "end": { "line": 27, "column": 1 }
        },
        "line": 10
      },
      "1": {
        "name": "(anonymous_1)",
        "decl": {
          "start": { "line": 29, "column": 19 },
          "end": { "line": 29, "column": 20 }
        },
        "loc": {
          "start": { "line": 30, "column": 2 },
          "end": { "line": 39, "column": 8 }
        },
        "line": 30
      },
      "2": {
        "name": "(anonymous_2)",
        "decl": {
          "start": { "line": 36, "column": 48 },
          "end": { "line": 36, "column": 49 }
        },
        "loc": {
          "start": { "line": 36, "column": 53 },
          "end": { "line": 36, "column": 54 }
        },
        "line": 36
      }
    },
    "branchMap": {
      "0": {
        "loc": {
          "start": { "line": 18, "column": 23 },
          "end": { "line": 18, "column": 51 }
        },
        "type": "cond-expr",
        "locations": [
          {
            "start": { "line": 18, "column": 30 },
            "end": { "line": 18, "column": 39 }
          },
          {
            "start": { "line": 18, "column": 42 },
            "end": { "line": 18, "column": 51 }
          }
        ],
        "line": 18
      },
      "1": {
        "loc": {
          "start": { "line": 19, "column": 13 },
          "end": { "line": 19, "column": 41 }
        },
        "type": "cond-expr",
        "locations": [
          {
            "start": { "line": 19, "column": 20 },
            "end": { "line": 19, "column": 29 }
          },
          {
            "start": { "line": 19, "column": 32 },
            "end": { "line": 19, "column": 41 }
          }
        ],
        "line": 19
      }
    },
    "s": { "0": 2, "1": 2, "2": 2, "3": 2, "4": 2, "5": 3, "6": 3 },
    "f": { "0": 2, "1": 3, "2": 3 },
    "b": { "0": [1, 1], "1": [1, 1] },
    "_coverageSchema": "43e27e138ebf9cfc5966b082cf9a028302ed4184",
    "hash": "de00bb5c7f1056fd05eb9282091a93047ff7cd49"
  },
  "/home/trinh.van.tan/certificate-verify/blockchain-explorer/client/src/components/Forms/ChaincodeForm.js": {
    "path": "/home/trinh.van.tan/certificate-verify/blockchain-explorer/client/src/components/Forms/ChaincodeForm.js",
    "statementMap": {
      "0": {
        "start": { "line": 10, "column": 15 },
        "end": { "line": 51, "column": 1 }
      },
      "1": {
        "start": { "line": 11, "column": 19 },
        "end": { "line": 11, "column": 32 }
      },
      "2": {
        "start": { "line": 12, "column": 15 },
        "end": { "line": 12, "column": 30 }
      },
      "3": {
        "start": { "line": 13, "column": 2 },
        "end": { "line": 50, "column": 4 }
      },
      "4": {
        "start": { "line": 55, "column": 24 },
        "end": { "line": 55, "column": 34 }
      },
      "5": {
        "start": { "line": 56, "column": 4 },
        "end": { "line": 90, "column": 6 }
      }
    },
    "fnMap": {
      "0": {
        "name": "(anonymous_0)",
        "decl": {
          "start": { "line": 10, "column": 15 },
          "end": { "line": 10, "column": 16 }
        },
        "loc": {
          "start": { "line": 10, "column": 26 },
          "end": { "line": 51, "column": 1 }
        },
        "line": 10
      },
      "1": {
        "name": "(anonymous_1)",
        "decl": {
          "start": { "line": 54, "column": 2 },
          "end": { "line": 54, "column": 3 }
        },
        "loc": {
          "start": { "line": 54, "column": 11 },
          "end": { "line": 91, "column": 3 }
        },
        "line": 54
      }
    },
    "branchMap": {
      "0": {
        "loc": {
          "start": { "line": 40, "column": 23 },
          "end": { "line": 40, "column": 51 }
        },
        "type": "cond-expr",
        "locations": [
          {
            "start": { "line": 40, "column": 30 },
            "end": { "line": 40, "column": 39 }
          },
          {
            "start": { "line": 40, "column": 42 },
            "end": { "line": 40, "column": 51 }
          }
        ],
        "line": 40
      },
      "1": {
        "loc": {
          "start": { "line": 41, "column": 13 },
          "end": { "line": 41, "column": 41 }
        },
        "type": "cond-expr",
        "locations": [
          {
            "start": { "line": 41, "column": 20 },
            "end": { "line": 41, "column": 29 }
          },
          {
            "start": { "line": 41, "column": 32 },
            "end": { "line": 41, "column": 41 }
          }
        ],
        "line": 41
      },
      "2": {
        "loc": {
          "start": { "line": 44, "column": 23 },
          "end": { "line": 44, "column": 51 }
        },
        "type": "cond-expr",
        "locations": [
          {
            "start": { "line": 44, "column": 30 },
            "end": { "line": 44, "column": 39 }
          },
          {
            "start": { "line": 44, "column": 42 },
            "end": { "line": 44, "column": 51 }
          }
        ],
        "line": 44
      },
      "3": {
        "loc": {
          "start": { "line": 45, "column": 13 },
          "end": { "line": 45, "column": 41 }
        },
        "type": "cond-expr",
        "locations": [
          {
            "start": { "line": 45, "column": 20 },
            "end": { "line": 45, "column": 29 }
          },
          {
            "start": { "line": 45, "column": 32 },
            "end": { "line": 45, "column": 41 }
          }
        ],
        "line": 45
      }
    },
    "s": { "0": 5, "1": 3, "2": 3, "3": 3, "4": 9, "5": 9 },
    "f": { "0": 3, "1": 9 },
    "b": { "0": [1, 2], "1": [1, 2], "2": [1, 2], "3": [1, 2] },
    "_coverageSchema": "43e27e138ebf9cfc5966b082cf9a028302ed4184",
    "hash": "3fe50675ce781b5009d426afb8745fd64b663109"
  },
  "/home/trinh.van.tan/certificate-verify/blockchain-explorer/client/src/components/Forms/ChannelForm.js": {
    "path": "/home/trinh.van.tan/certificate-verify/blockchain-explorer/client/src/components/Forms/ChannelForm.js",
    "statementMap": {
      "0": {
        "start": { "line": 10, "column": 15 },
        "end": { "line": 31, "column": 2 }
      },
      "1": {
        "start": { "line": 10, "column": 25 },
        "end": { "line": 31, "column": 1 }
      },
      "2": {
        "start": { "line": 35, "column": 24 },
        "end": { "line": 35, "column": 34 }
      },
      "3": {
        "start": { "line": 37, "column": 4 },
        "end": { "line": 85, "column": 6 }
      }
    },
    "fnMap": {
      "0": {
        "name": "(anonymous_0)",
        "decl": {
          "start": { "line": 10, "column": 15 },
          "end": { "line": 10, "column": 16 }
        },
        "loc": {
          "start": { "line": 10, "column": 25 },
          "end": { "line": 31, "column": 1 }
        },
        "line": 10
      },
      "1": {
        "name": "(anonymous_1)",
        "decl": {
          "start": { "line": 34, "column": 2 },
          "end": { "line": 34, "column": 3 }
        },
        "loc": {
          "start": { "line": 34, "column": 11 },
          "end": { "line": 86, "column": 3 }
        },
        "line": 34
      }
    },
    "branchMap": {},
    "s": { "0": 4, "1": 1, "2": 2, "3": 2 },
    "f": { "0": 1, "1": 2 },
    "b": {},
    "_coverageSchema": "43e27e138ebf9cfc5966b082cf9a028302ed4184",
    "hash": "ec6480c2d022e4b6edd3ebab7c1f7b4107cb06ae"
  },
  "/home/trinh.van.tan/certificate-verify/blockchain-explorer/client/src/components/Header/HeaderView.js": {
    "path": "/home/trinh.van.tan/certificate-verify/blockchain-explorer/client/src/components/Header/HeaderView.js",
    "statementMap": {
      "0": {
        "start": { "line": 62, "column": 4 },
        "end": { "line": 62, "column": 19 }
      },
      "1": {
        "start": { "line": 70, "column": 4 },
        "end": { "line": 70, "column": 19 }
      },
      "2": {
        "start": { "line": 72, "column": 35 },
        "end": { "line": 72, "column": 49 }
      },
      "3": {
        "start": { "line": 73, "column": 29 },
        "end": { "line": 73, "column": 43 }
      },
      "4": {
        "start": { "line": 216, "column": 2 },
        "end": { "line": 216, "column": 15 }
      },
      "5": {
        "start": { "line": 217, "column": 2 },
        "end": { "line": 228, "column": 4 }
      },
      "6": {
        "start": { "line": 232, "column": 39 },
        "end": { "line": 232, "column": 49 }
      },
      "7": {
        "start": { "line": 233, "column": 14 },
        "end": { "line": 233, "column": 16 }
      },
      "8": {
        "start": { "line": 234, "column": 22 },
        "end": { "line": 234, "column": 24 }
      },
      "9": {
        "start": { "line": 235, "column": 2 },
        "end": { "line": 246, "column": 5 }
      },
      "10": {
        "start": { "line": 236, "column": 3 },
        "end": { "line": 241, "column": 4 }
      },
      "11": {
        "start": { "line": 237, "column": 4 },
        "end": { "line": 240, "column": 6 }
      },
      "12": {
        "start": { "line": 242, "column": 3 },
        "end": { "line": 245, "column": 6 }
      },
      "13": {
        "start": { "line": 248, "column": 2 },
        "end": { "line": 253, "column": 5 }
      },
      "14": {
        "start": { "line": 255, "column": 2 },
        "end": { "line": 257, "column": 12 }
      },
      "15": {
        "start": { "line": 256, "column": 3 },
        "end": { "line": 256, "column": 33 }
      },
      "16": {
        "start": { "line": 261, "column": 2 },
        "end": { "line": 261, "column": 31 }
      },
      "17": {
        "start": { "line": 265, "column": 47 },
        "end": { "line": 265, "column": 57 }
      },
      "18": {
        "start": { "line": 266, "column": 18 },
        "end": { "line": 266, "column": 20 }
      },
      "19": {
        "start": { "line": 267, "column": 22 },
        "end": { "line": 267, "column": 24 }
      },
      "20": {
        "start": { "line": 268, "column": 2 },
        "end": { "line": 291, "column": 3 }
      },
      "21": {
        "start": { "line": 269, "column": 3 },
        "end": { "line": 290, "column": 6 }
      },
      "22": {
        "start": { "line": 270, "column": 4 },
        "end": { "line": 273, "column": 7 }
      },
      "23": {
        "start": { "line": 274, "column": 4 },
        "end": { "line": 289, "column": 5 }
      },
      "24": {
        "start": { "line": 278, "column": 5 },
        "end": { "line": 283, "column": 6 }
      },
      "25": {
        "start": { "line": 279, "column": 6 },
        "end": { "line": 282, "column": 8 }
      },
      "26": {
        "start": { "line": 284, "column": 11 },
        "end": { "line": 289, "column": 5 }
      },
      "27": {
        "start": { "line": 285, "column": 5 },
        "end": { "line": 288, "column": 7 }
      },
      "28": {
        "start": { "line": 293, "column": 2 },
        "end": { "line": 298, "column": 3 }
      },
      "29": {
        "start": { "line": 297, "column": 3 },
        "end": { "line": 297, "column": 41 }
      },
      "30": {
        "start": { "line": 300, "column": 2 },
        "end": { "line": 305, "column": 5 }
      },
      "31": {
        "start": { "line": 306, "column": 2 },
        "end": { "line": 308, "column": 3 }
      },
      "32": {
        "start": { "line": 307, "column": 3 },
        "end": { "line": 307, "column": 43 }
      },
      "33": {
        "start": { "line": 311, "column": 10 },
        "end": { "line": 318, "column": 2 }
      },
      "34": {
        "start": { "line": 312, "column": 21 },
        "end": { "line": 312, "column": 31 }
      },
      "35": {
        "start": { "line": 313, "column": 2 },
        "end": { "line": 317, "column": 3 }
      },
      "36": {
        "start": { "line": 314, "column": 3 },
        "end": { "line": 316, "column": 6 }
      },
      "37": {
        "start": { "line": 320, "column": 15 },
        "end": { "line": 320, "column": 55 }
      },
      "38": {
        "start": { "line": 320, "column": 21 },
        "end": { "line": 320, "column": 55 }
      },
      "39": {
        "start": { "line": 322, "column": 16 },
        "end": { "line": 335, "column": 2 }
      },
      "40": {
        "start": { "line": 323, "column": 2 },
        "end": { "line": 333, "column": 3 }
      },
      "41": {
        "start": { "line": 324, "column": 32 },
        "end": { "line": 324, "column": 42 }
      },
      "42": {
        "start": { "line": 325, "column": 3 },
        "end": { "line": 325, "column": 32 }
      },
      "43": {
        "start": { "line": 326, "column": 3 },
        "end": { "line": 326, "column": 27 }
      },
      "44": {
        "start": { "line": 327, "column": 3 },
        "end": { "line": 327, "column": 38 }
      },
      "45": {
        "start": { "line": 328, "column": 3 },
        "end": { "line": 328, "column": 43 }
      },
      "46": {
        "start": { "line": 329, "column": 3 },
        "end": { "line": 329, "column": 46 }
      },
      "47": {
        "start": { "line": 330, "column": 3 },
        "end": { "line": 332, "column": 13 }
      },
      "48": {
        "start": { "line": 331, "column": 4 },
        "end": { "line": 331, "column": 41 }
      },
      "49": {
        "start": { "line": 337, "column": 14 },
        "end": { "line": 339, "column": 2 }
      },
      "50": {
        "start": { "line": 338, "column": 2 },
        "end": { "line": 338, "column": 37 }
      },
      "51": {
        "start": { "line": 341, "column": 15 },
        "end": { "line": 343, "column": 2 }
      },
      "52": {
        "start": { "line": 342, "column": 2 },
        "end": { "line": 342, "column": 38 }
      },
      "53": {
        "start": { "line": 345, "column": 16 },
        "end": { "line": 347, "column": 2 }
      },
      "54": {
        "start": { "line": 346, "column": 2 },
        "end": { "line": 346, "column": 48 }
      },
      "55": {
        "start": { "line": 346, "column": 23 },
        "end": { "line": 346, "column": 45 }
      },
      "56": {
        "start": { "line": 349, "column": 17 },
        "end": { "line": 351, "column": 2 }
      },
      "57": {
        "start": { "line": 350, "column": 2 },
        "end": { "line": 350, "column": 49 }
      },
      "58": {
        "start": { "line": 350, "column": 23 },
        "end": { "line": 350, "column": 46 }
      },
      "59": {
        "start": { "line": 353, "column": 14 },
        "end": { "line": 355, "column": 2 }
      },
      "60": {
        "start": { "line": 354, "column": 2 },
        "end": { "line": 354, "column": 23 }
      },
      "61": {
        "start": { "line": 370, "column": 18 },
        "end": { "line": 385, "column": 2 }
      },
      "62": {
        "start": { "line": 371, "column": 2 },
        "end": { "line": 384, "column": 3 }
      },
      "63": {
        "start": { "line": 373, "column": 4 },
        "end": { "line": 373, "column": 42 }
      },
      "64": {
        "start": { "line": 374, "column": 4 },
        "end": { "line": 374, "column": 38 }
      },
      "65": {
        "start": { "line": 375, "column": 4 },
        "end": { "line": 375, "column": 10 }
      },
      "66": {
        "start": { "line": 378, "column": 4 },
        "end": { "line": 378, "column": 41 }
      },
      "67": {
        "start": { "line": 379, "column": 4 },
        "end": { "line": 379, "column": 10 }
      },
      "68": {
        "start": { "line": 382, "column": 4 },
        "end": { "line": 382, "column": 10 }
      },
      "69": {
        "start": { "line": 387, "column": 19 },
        "end": { "line": 401, "column": 2 }
      },
      "70": {
        "start": { "line": 388, "column": 2 },
        "end": { "line": 400, "column": 3 }
      },
      "71": {
        "start": { "line": 390, "column": 4 },
        "end": { "line": 390, "column": 43 }
      },
      "72": {
        "start": { "line": 391, "column": 4 },
        "end": { "line": 391, "column": 10 }
      },
      "73": {
        "start": { "line": 394, "column": 4 },
        "end": { "line": 394, "column": 42 }
      },
      "74": {
        "start": { "line": 395, "column": 4 },
        "end": { "line": 395, "column": 10 }
      },
      "75": {
        "start": { "line": 398, "column": 4 },
        "end": { "line": 398, "column": 10 }
      },
      "76": {
        "start": { "line": 403, "column": 21 },
        "end": { "line": 406, "column": 2 }
      },
      "77": {
        "start": { "line": 404, "column": 22 },
        "end": { "line": 404, "column": 32 }
      },
      "78": {
        "start": { "line": 405, "column": 2 },
        "end": { "line": 405, "column": 46 }
      },
      "79": {
        "start": { "line": 410, "column": 57 },
        "end": { "line": 410, "column": 67 }
      },
      "80": {
        "start": { "line": 411, "column": 20 },
        "end": { "line": 411, "column": 33 }
      },
      "81": {
        "start": { "line": 412, "column": 2 },
        "end": { "line": 412, "column": 46 }
      },
      "82": {
        "start": { "line": 413, "column": 2 },
        "end": { "line": 413, "column": 46 }
      },
      "83": {
        "start": { "line": 414, "column": 2 },
        "end": { "line": 414, "column": 50 }
      },
      "84": {
        "start": { "line": 415, "column": 2 },
        "end": { "line": 415, "column": 32 }
      },
      "85": {
        "start": { "line": 419, "column": 26 },
        "end": { "line": 419, "column": 36 }
      },
      "86": {
        "start": { "line": 420, "column": 2 },
        "end": { "line": 420, "column": 22 }
      },
      "87": {
        "start": { "line": 438, "column": 6 },
        "end": { "line": 438, "column": 16 }
      },
      "88": {
        "start": { "line": 440, "column": 2 },
        "end": { "line": 454, "column": 5 }
      },
      "89": {
        "start": { "line": 455, "column": 2 },
        "end": { "line": 455, "column": 21 }
      },
      "90": {
        "start": { "line": 459, "column": 28 },
        "end": { "line": 459, "column": 38 }
      },
      "91": {
        "start": { "line": 460, "column": 29 },
        "end": { "line": 460, "column": 44 }
      },
      "92": {
        "start": { "line": 462, "column": 3 },
        "end": { "line": 462, "column": 55 }
      },
      "93": {
        "start": { "line": 463, "column": 23 },
        "end": { "line": 463, "column": 68 }
      },
      "94": {
        "start": { "line": 464, "column": 15 },
        "end": { "line": 464, "column": 30 }
      },
      "95": {
        "start": { "line": 475, "column": 6 },
        "end": { "line": 475, "column": 16 }
      },
      "96": {
        "start": { "line": 477, "column": 16 },
        "end": { "line": 484, "column": 3 }
      },
      "97": {
        "start": { "line": 486, "column": 2 },
        "end": { "line": 621, "column": 4 }
      },
      "98": {
        "start": { "line": 512, "column": 10 },
        "end": { "line": 522, "column": 15 }
      },
      "99": {
        "start": { "line": 543, "column": 27 },
        "end": { "line": 543, "column": 62 }
      },
      "100": {
        "start": { "line": 560, "column": 27 },
        "end": { "line": 560, "column": 55 }
      },
      "101": {
        "start": { "line": 569, "column": 26 },
        "end": { "line": 569, "column": 45 }
      },
      "102": {
        "start": { "line": 578, "column": 22 },
        "end": { "line": 578, "column": 58 }
      },
      "103": {
        "start": { "line": 587, "column": 22 },
        "end": { "line": 587, "column": 57 }
      },
      "104": {
        "start": { "line": 625, "column": 0 },
        "end": { "line": 641, "column": 2 }
      },
      "105": {
        "start": { "line": 643, "column": 25 },
        "end": { "line": 643, "column": 39 }
      },
      "106": {
        "start": { "line": 648, "column": 12 },
        "end": { "line": 652, "column": 3 }
      }
    },
    "fnMap": {
      "0": {
        "name": "(anonymous_0)",
        "decl": {
          "start": { "line": 215, "column": 1 },
          "end": { "line": 215, "column": 2 }
        },
        "loc": {
          "start": { "line": 215, "column": 20 },
          "end": { "line": 229, "column": 2 }
        },
        "line": 215
      },
      "1": {
        "name": "(anonymous_1)",
        "decl": {
          "start": { "line": 231, "column": 1 },
          "end": { "line": 231, "column": 2 }
        },
        "loc": {
          "start": { "line": 231, "column": 21 },
          "end": { "line": 258, "column": 2 }
        },
        "line": 231
      },
      "2": {
        "name": "(anonymous_2)",
        "decl": {
          "start": { "line": 235, "column": 19 },
          "end": { "line": 235, "column": 20 }
        },
        "loc": {
          "start": { "line": 235, "column": 30 },
          "end": { "line": 246, "column": 3 }
        },
        "line": 235
      },
      "3": {
        "name": "(anonymous_3)",
        "decl": {
          "start": { "line": 255, "column": 30 },
          "end": { "line": 255, "column": 31 }
        },
        "loc": {
          "start": { "line": 255, "column": 36 },
          "end": { "line": 257, "column": 3 }
        },
        "line": 255
      },
      "4": {
        "name": "(anonymous_4)",
        "decl": {
          "start": { "line": 260, "column": 1 },
          "end": { "line": 260, "column": 2 }
        },
        "loc": {
          "start": { "line": 260, "column": 24 },
          "end": { "line": 262, "column": 2 }
        },
        "line": 260
      },
      "5": {
        "name": "(anonymous_5)",
        "decl": {
          "start": { "line": 264, "column": 1 },
          "end": { "line": 264, "column": 2 }
        },
        "loc": {
          "start": { "line": 264, "column": 38 },
          "end": { "line": 309, "column": 2 }
        },
        "line": 264
      },
      "6": {
        "name": "(anonymous_6)",
        "decl": {
          "start": { "line": 269, "column": 30 },
          "end": { "line": 269, "column": 31 }
        },
        "loc": {
          "start": { "line": 269, "column": 41 },
          "end": { "line": 290, "column": 4 }
        },
        "line": 269
      },
      "7": {
        "name": "(anonymous_7)",
        "decl": {
          "start": { "line": 311, "column": 10 },
          "end": { "line": 311, "column": 11 }
        },
        "loc": {
          "start": { "line": 311, "column": 16 },
          "end": { "line": 318, "column": 2 }
        },
        "line": 311
      },
      "8": {
        "name": "(anonymous_8)",
        "decl": {
          "start": { "line": 320, "column": 15 },
          "end": { "line": 320, "column": 16 }
        },
        "loc": {
          "start": { "line": 320, "column": 21 },
          "end": { "line": 320, "column": 55 }
        },
        "line": 320
      },
      "9": {
        "name": "(anonymous_9)",
        "decl": {
          "start": { "line": 322, "column": 16 },
          "end": { "line": 322, "column": 17 }
        },
        "loc": {
          "start": { "line": 322, "column": 41 },
          "end": { "line": 335, "column": 2 }
        },
        "line": 322
      },
      "10": {
        "name": "(anonymous_10)",
        "decl": {
          "start": { "line": 330, "column": 31 },
          "end": { "line": 330, "column": 32 }
        },
        "loc": {
          "start": { "line": 330, "column": 37 },
          "end": { "line": 332, "column": 4 }
        },
        "line": 330
      },
      "11": {
        "name": "(anonymous_11)",
        "decl": {
          "start": { "line": 337, "column": 14 },
          "end": { "line": 337, "column": 15 }
        },
        "loc": {
          "start": { "line": 337, "column": 20 },
          "end": { "line": 339, "column": 2 }
        },
        "line": 337
      },
      "12": {
        "name": "(anonymous_12)",
        "decl": {
          "start": { "line": 341, "column": 15 },
          "end": { "line": 341, "column": 16 }
        },
        "loc": {
          "start": { "line": 341, "column": 21 },
          "end": { "line": 343, "column": 2 }
        },
        "line": 341
      },
      "13": {
        "name": "(anonymous_13)",
        "decl": {
          "start": { "line": 345, "column": 16 },
          "end": { "line": 345, "column": 17 }
        },
        "loc": {
          "start": { "line": 345, "column": 22 },
          "end": { "line": 347, "column": 2 }
        },
        "line": 345
      },
      "14": {
        "name": "(anonymous_14)",
        "decl": {
          "start": { "line": 346, "column": 16 },
          "end": { "line": 346, "column": 17 }
        },
        "loc": {
          "start": { "line": 346, "column": 23 },
          "end": { "line": 346, "column": 45 }
        },
        "line": 346
      },
      "15": {
        "name": "(anonymous_15)",
        "decl": {
          "start": { "line": 349, "column": 17 },
          "end": { "line": 349, "column": 18 }
        },
        "loc": {
          "start": { "line": 349, "column": 23 },
          "end": { "line": 351, "column": 2 }
        },
        "line": 349
      },
      "16": {
        "name": "(anonymous_16)",
        "decl": {
          "start": { "line": 350, "column": 16 },
          "end": { "line": 350, "column": 17 }
        },
        "loc": {
          "start": { "line": 350, "column": 23 },
          "end": { "line": 350, "column": 46 }
        },
        "line": 350
      },
      "17": {
        "name": "(anonymous_17)",
        "decl": {
          "start": { "line": 353, "column": 14 },
          "end": { "line": 353, "column": 15 }
        },
        "loc": {
          "start": { "line": 353, "column": 20 },
          "end": { "line": 355, "column": 2 }
        },
        "line": 353
      },
      "18": {
        "name": "(anonymous_18)",
        "decl": {
          "start": { "line": 370, "column": 18 },
          "end": { "line": 370, "column": 19 }
        },
        "loc": {
          "start": { "line": 370, "column": 28 },
          "end": { "line": 385, "column": 2 }
        },
        "line": 370
      },
      "19": {
        "name": "(anonymous_19)",
        "decl": {
          "start": { "line": 387, "column": 19 },
          "end": { "line": 387, "column": 20 }
        },
        "loc": {
          "start": { "line": 387, "column": 29 },
          "end": { "line": 401, "column": 2 }
        },
        "line": 387
      },
      "20": {
        "name": "(anonymous_20)",
        "decl": {
          "start": { "line": 403, "column": 21 },
          "end": { "line": 403, "column": 22 }
        },
        "loc": {
          "start": { "line": 403, "column": 29 },
          "end": { "line": 406, "column": 2 }
        },
        "line": 403
      },
      "21": {
        "name": "(anonymous_21)",
        "decl": {
          "start": { "line": 408, "column": 1 },
          "end": { "line": 408, "column": 2 }
        },
        "loc": {
          "start": { "line": 408, "column": 26 },
          "end": { "line": 416, "column": 2 }
        },
        "line": 408
      },
      "22": {
        "name": "(anonymous_22)",
        "decl": {
          "start": { "line": 418, "column": 1 },
          "end": { "line": 418, "column": 2 }
        },
        "loc": {
          "start": { "line": 418, "column": 24 },
          "end": { "line": 421, "column": 2 }
        },
        "line": 418
      },
      "23": {
        "name": "(anonymous_23)",
        "decl": {
          "start": { "line": 423, "column": 1 },
          "end": { "line": 423, "column": 2 }
        },
        "loc": {
          "start": { "line": 423, "column": 32 },
          "end": { "line": 456, "column": 2 }
        },
        "line": 423
      },
      "24": {
        "name": "(anonymous_24)",
        "decl": {
          "start": { "line": 458, "column": 1 },
          "end": { "line": 458, "column": 2 }
        },
        "loc": {
          "start": { "line": 458, "column": 10 },
          "end": { "line": 622, "column": 2 }
        },
        "line": 458
      },
      "25": {
        "name": "(anonymous_25)",
        "decl": {
          "start": { "line": 511, "column": 20 },
          "end": { "line": 511, "column": 21 }
        },
        "loc": {
          "start": { "line": 512, "column": 10 },
          "end": { "line": 522, "column": 15 }
        },
        "line": 512
      },
      "26": {
        "name": "(anonymous_26)",
        "decl": {
          "start": { "line": 543, "column": 21 },
          "end": { "line": 543, "column": 22 }
        },
        "loc": {
          "start": { "line": 543, "column": 27 },
          "end": { "line": 543, "column": 62 }
        },
        "line": 543
      },
      "27": {
        "name": "(anonymous_27)",
        "decl": {
          "start": { "line": 560, "column": 21 },
          "end": { "line": 560, "column": 22 }
        },
        "loc": {
          "start": { "line": 560, "column": 27 },
          "end": { "line": 560, "column": 55 }
        },
        "line": 560
      },
      "28": {
        "name": "(anonymous_28)",
        "decl": {
          "start": { "line": 569, "column": 20 },
          "end": { "line": 569, "column": 21 }
        },
        "loc": {
          "start": { "line": 569, "column": 26 },
          "end": { "line": 569, "column": 45 }
        },
        "line": 569
      },
      "29": {
        "name": "(anonymous_29)",
        "decl": {
          "start": { "line": 578, "column": 16 },
          "end": { "line": 578, "column": 17 }
        },
        "loc": {
          "start": { "line": 578, "column": 22 },
          "end": { "line": 578, "column": 58 }
        },
        "line": 578
      },
      "30": {
        "name": "(anonymous_30)",
        "decl": {
          "start": { "line": 587, "column": 16 },
          "end": { "line": 587, "column": 17 }
        },
        "loc": {
          "start": { "line": 587, "column": 22 },
          "end": { "line": 587, "column": 57 }
        },
        "line": 587
      },
      "31": {
        "name": "(anonymous_31)",
        "decl": {
          "start": { "line": 648, "column": 2 },
          "end": { "line": 648, "column": 3 }
        },
        "loc": {
          "start": { "line": 648, "column": 12 },
          "end": { "line": 652, "column": 3 }
        },
        "line": 648
      }
    },
    "branchMap": {
      "0": {
        "loc": {
          "start": { "line": 236, "column": 3 },
          "end": { "line": 241, "column": 4 }
        },
        "type": "if",
        "locations": [
          {
            "start": { "line": 236, "column": 3 },
            "end": { "line": 241, "column": 4 }
          },
          {
            "start": { "line": 236, "column": 3 },
            "end": { "line": 241, "column": 4 }
          }
        ],
        "line": 236
      },
      "1": {
        "loc": {
          "start": { "line": 268, "column": 2 },
          "end": { "line": 291, "column": 3 }
        },
        "type": "if",
        "locations": [
          {
            "start": { "line": 268, "column": 2 },
            "end": { "line": 291, "column": 3 }
          },
          {
            "start": { "line": 268, "column": 2 },
            "end": { "line": 291, "column": 3 }
          }
        ],
        "line": 268
      },
      "2": {
        "loc": {
          "start": { "line": 274, "column": 4 },
          "end": { "line": 289, "column": 5 }
        },
        "type": "if",
        "locations": [
          {
            "start": { "line": 274, "column": 4 },
            "end": { "line": 289, "column": 5 }
          },
          {
            "start": { "line": 274, "column": 4 },
            "end": { "line": 289, "column": 5 }
          }
        ],
        "line": 274
      },
      "3": {
        "loc": {
          "start": { "line": 275, "column": 5 },
          "end": { "line": 276, "column": 43 }
        },
        "type": "binary-expr",
        "locations": [
          {
            "start": { "line": 275, "column": 5 },
            "end": { "line": 275, "column": 37 }
          },
          {
            "start": { "line": 276, "column": 5 },
            "end": { "line": 276, "column": 43 }
          }
        ],
        "line": 275
      },
      "4": {
        "loc": {
          "start": { "line": 278, "column": 5 },
          "end": { "line": 283, "column": 6 }
        },
        "type": "if",
        "locations": [
          {
            "start": { "line": 278, "column": 5 },
            "end": { "line": 283, "column": 6 }
          },
          {
            "start": { "line": 278, "column": 5 },
            "end": { "line": 283, "column": 6 }
          }
        ],
        "line": 278
      },
      "5": {
        "loc": {
          "start": { "line": 284, "column": 11 },
          "end": { "line": 289, "column": 5 }
        },
        "type": "if",
        "locations": [
          {
            "start": { "line": 284, "column": 11 },
            "end": { "line": 289, "column": 5 }
          },
          {
            "start": { "line": 284, "column": 11 },
            "end": { "line": 289, "column": 5 }
          }
        ],
        "line": 284
      },
      "6": {
        "loc": {
          "start": { "line": 293, "column": 2 },
          "end": { "line": 298, "column": 3 }
        },
        "type": "if",
        "locations": [
          {
            "start": { "line": 293, "column": 2 },
            "end": { "line": 298, "column": 3 }
          },
          {
            "start": { "line": 293, "column": 2 },
            "end": { "line": 298, "column": 3 }
          }
        ],
        "line": 293
      },
      "7": {
        "loc": {
          "start": { "line": 294, "column": 3 },
          "end": { "line": 295, "column": 41 }
        },
        "type": "binary-expr",
        "locations": [
          {
            "start": { "line": 294, "column": 3 },
            "end": { "line": 294, "column": 36 }
          },
          {
            "start": { "line": 295, "column": 3 },
            "end": { "line": 295, "column": 41 }
          }
        ],
        "line": 294
      },
      "8": {
        "loc": {
          "start": { "line": 306, "column": 2 },
          "end": { "line": 308, "column": 3 }
        },
        "type": "if",
        "locations": [
          {
            "start": { "line": 306, "column": 2 },
            "end": { "line": 308, "column": 3 }
          },
          {
            "start": { "line": 306, "column": 2 },
            "end": { "line": 308, "column": 3 }
          }
        ],
        "line": 306
      },
      "9": {
        "loc": {
          "start": { "line": 313, "column": 2 },
          "end": { "line": 317, "column": 3 }
        },
        "type": "if",
        "locations": [
          {
            "start": { "line": 313, "column": 2 },
            "end": { "line": 317, "column": 3 }
          },
          {
            "start": { "line": 313, "column": 2 },
            "end": { "line": 317, "column": 3 }
          }
        ],
        "line": 313
      },
      "10": {
        "loc": {
          "start": { "line": 320, "column": 21 },
          "end": { "line": 320, "column": 55 }
        },
        "type": "binary-expr",
        "locations": [
          {
            "start": { "line": 320, "column": 21 },
            "end": { "line": 320, "column": 38 }
          },
          {
            "start": { "line": 320, "column": 42 },
            "end": { "line": 320, "column": 55 }
          }
        ],
        "line": 320
      },
      "11": {
        "loc": {
          "start": { "line": 323, "column": 2 },
          "end": { "line": 333, "column": 3 }
        },
        "type": "if",
        "locations": [
          {
            "start": { "line": 323, "column": 2 },
            "end": { "line": 333, "column": 3 }
          },
          {
            "start": { "line": 323, "column": 2 },
            "end": { "line": 333, "column": 3 }
          }
        ],
        "line": 323
      },
      "12": {
        "loc": {
          "start": { "line": 371, "column": 2 },
          "end": { "line": 384, "column": 3 }
        },
        "type": "switch",
        "locations": [
          {
            "start": { "line": 372, "column": 3 },
            "end": { "line": 376, "column": 4 }
          },
          {
            "start": { "line": 377, "column": 3 },
            "end": { "line": 380, "column": 4 }
          },
          {
            "start": { "line": 381, "column": 3 },
            "end": { "line": 383, "column": 4 }
          }
        ],
        "line": 371
      },
      "13": {
        "loc": {
          "start": { "line": 388, "column": 2 },
          "end": { "line": 400, "column": 3 }
        },
        "type": "switch",
        "locations": [
          {
            "start": { "line": 389, "column": 3 },
            "end": { "line": 392, "column": 4 }
          },
          {
            "start": { "line": 393, "column": 3 },
            "end": { "line": 396, "column": 4 }
          },
          {
            "start": { "line": 397, "column": 3 },
            "end": { "line": 399, "column": 4 }
          }
        ],
        "line": 388
      },
      "14": {
        "loc": {
          "start": { "line": 405, "column": 10 },
          "end": { "line": 405, "column": 44 }
        },
        "type": "cond-expr",
        "locations": [
          {
            "start": { "line": 405, "column": 28 },
            "end": { "line": 405, "column": 35 }
          },
          {
            "start": { "line": 405, "column": 38 },
            "end": { "line": 405, "column": 44 }
          }
        ],
        "line": 405
      },
      "15": {
        "loc": {
          "start": { "line": 462, "column": 3 },
          "end": { "line": 462, "column": 55 }
        },
        "type": "cond-expr",
        "locations": [
          {
            "start": { "line": 462, "column": 43 },
            "end": { "line": 462, "column": 48 }
          },
          {
            "start": { "line": 462, "column": 51 },
            "end": { "line": 462, "column": 55 }
          }
        ],
        "line": 462
      }
    },
    "s": {
      "0": 2,
      "1": 2,
      "2": 2,
      "3": 2,
      "4": 28,
      "5": 28,
      "6": 28,
      "7": 28,
      "8": 28,
      "9": 28,
      "10": 56,
      "11": 2,
      "12": 56,
      "13": 28,
      "14": 28,
      "15": 13,
      "16": 1,
      "17": 5,
      "18": 5,
      "19": 5,
      "20": 5,
      "21": 4,
      "22": 6,
      "23": 6,
      "24": 3,
      "25": 2,
      "26": 3,
      "27": 1,
      "28": 5,
      "29": 2,
      "30": 5,
      "31": 5,
      "32": 4,
      "33": 28,
      "34": 5,
      "35": 5,
      "36": 4,
      "37": 28,
      "38": 1,
      "39": 28,
      "40": 2,
      "41": 1,
      "42": 1,
      "43": 1,
      "44": 1,
      "45": 1,
      "46": 1,
      "47": 1,
      "48": 1,
      "49": 28,
      "50": 2,
      "51": 28,
      "52": 21,
      "53": 28,
      "54": 2,
      "55": 2,
      "56": 28,
      "57": 2,
      "58": 2,
      "59": 28,
      "60": 1,
      "61": 28,
      "62": 4,
      "63": 2,
      "64": 2,
      "65": 2,
      "66": 1,
      "67": 1,
      "68": 1,
      "69": 28,
      "70": 5,
      "71": 2,
      "72": 2,
      "73": 2,
      "74": 2,
      "75": 1,
      "76": 28,
      "77": 3,
      "78": 3,
      "79": 1,
      "80": 1,
      "81": 1,
      "82": 1,
      "83": 1,
      "84": 1,
      "85": 1,
      "86": 1,
      "87": 20,
      "88": 20,
      "89": 20,
      "90": 116,
      "91": 116,
      "92": 116,
      "93": 116,
      "94": 116,
      "95": 116,
      "96": 116,
      "97": 116,
      "98": 696,
      "99": 1,
      "100": 1,
      "101": 1,
      "102": 1,
      "103": 1,
      "104": 2,
      "105": 2,
      "106": 0
    },
    "f": {
      "0": 28,
      "1": 28,
      "2": 56,
      "3": 13,
      "4": 1,
      "5": 5,
      "6": 6,
      "7": 5,
      "8": 1,
      "9": 2,
      "10": 1,
      "11": 2,
      "12": 21,
      "13": 2,
      "14": 2,
      "15": 2,
      "16": 2,
      "17": 1,
      "18": 4,
      "19": 5,
      "20": 3,
      "21": 1,
      "22": 1,
      "23": 20,
      "24": 116,
      "25": 696,
      "26": 1,
      "27": 1,
      "28": 1,
      "29": 1,
      "30": 1,
      "31": 0
    },
    "b": {
      "0": [2, 54],
      "1": [4, 1],
      "2": [3, 3],
      "3": [6, 3],
      "4": [2, 1],
      "5": [1, 2],
      "6": [2, 3],
      "7": [5, 4],
      "8": [4, 1],
      "9": [4, 1],
      "10": [1, 1],
      "11": [1, 1],
      "12": [2, 1, 1],
      "13": [2, 2, 1],
      "14": [1, 2],
      "15": [5, 111]
    },
    "_coverageSchema": "43e27e138ebf9cfc5966b082cf9a028302ed4184",
    "hash": "6c3ce72ee57f393f9bb4f9e1435f6fd711f58f76"
  },
  "/home/trinh.van.tan/certificate-verify/blockchain-explorer/client/src/components/Lists/Blocks.js": {
    "path": "/home/trinh.van.tan/certificate-verify/blockchain-explorer/client/src/components/Lists/Blocks.js",
    "statementMap": {
      "0": {
        "start": { "line": 102, "column": 2 },
        "end": { "line": 102, "column": 15 }
      },
      "1": {
        "start": { "line": 103, "column": 2 },
        "end": { "line": 115, "column": 4 }
      },
      "2": {
        "start": { "line": 119, "column": 24 },
        "end": { "line": 119, "column": 34 }
      },
      "3": {
        "start": { "line": 120, "column": 20 },
        "end": { "line": 120, "column": 22 }
      },
      "4": {
        "start": { "line": 121, "column": 2 },
        "end": { "line": 123, "column": 5 }
      },
      "5": {
        "start": { "line": 122, "column": 3 },
        "end": { "line": 122, "column": 39 }
      },
      "6": {
        "start": { "line": 124, "column": 15 },
        "end": { "line": 124, "column": 17 }
      },
      "7": {
        "start": { "line": 125, "column": 2 },
        "end": { "line": 127, "column": 5 }
      },
      "8": {
        "start": { "line": 126, "column": 3 },
        "end": { "line": 126, "column": 71 }
      },
      "9": {
        "start": { "line": 128, "column": 2 },
        "end": { "line": 128, "column": 46 }
      },
      "10": {
        "start": { "line": 132, "column": 2 },
        "end": { "line": 143, "column": 3 }
      },
      "11": {
        "start": { "line": 136, "column": 3 },
        "end": { "line": 138, "column": 4 }
      },
      "12": {
        "start": { "line": 137, "column": 4 },
        "end": { "line": 137, "column": 33 }
      },
      "13": {
        "start": { "line": 139, "column": 3 },
        "end": { "line": 141, "column": 13 }
      },
      "14": {
        "start": { "line": 140, "column": 4 },
        "end": { "line": 140, "column": 51 }
      },
      "15": {
        "start": { "line": 142, "column": 3 },
        "end": { "line": 142, "column": 50 }
      },
      "16": {
        "start": { "line": 147, "column": 2 },
        "end": { "line": 147, "column": 31 }
      },
      "17": {
        "start": { "line": 151, "column": 2 },
        "end": { "line": 153, "column": 3 }
      },
      "18": {
        "start": { "line": 152, "column": 3 },
        "end": { "line": 152, "column": 24 }
      },
      "19": {
        "start": { "line": 154, "column": 2 },
        "end": { "line": 156, "column": 3 }
      },
      "20": {
        "start": { "line": 155, "column": 3 },
        "end": { "line": 155, "column": 30 }
      },
      "21": {
        "start": { "line": 158, "column": 2 },
        "end": { "line": 158, "column": 28 }
      },
      "22": {
        "start": { "line": 161, "column": 19 },
        "end": { "line": 173, "column": 2 }
      },
      "23": {
        "start": { "line": 162, "column": 14 },
        "end": { "line": 164, "column": 16 }
      },
      "24": {
        "start": { "line": 165, "column": 2 },
        "end": { "line": 167, "column": 3 }
      },
      "25": {
        "start": { "line": 165, "column": 15 },
        "end": { "line": 165, "column": 16 }
      },
      "26": {
        "start": { "line": 166, "column": 3 },
        "end": { "line": 166, "column": 43 }
      },
      "27": {
        "start": { "line": 168, "column": 20 },
        "end": { "line": 168, "column": 45 }
      },
      "28": {
        "start": { "line": 169, "column": 2 },
        "end": { "line": 171, "column": 3 }
      },
      "29": {
        "start": { "line": 170, "column": 3 },
        "end": { "line": 170, "column": 25 }
      },
      "30": {
        "start": { "line": 172, "column": 2 },
        "end": { "line": 172, "column": 58 }
      },
      "31": {
        "start": { "line": 175, "column": 20 },
        "end": { "line": 179, "column": 2 }
      },
      "32": {
        "start": { "line": 176, "column": 45 },
        "end": { "line": 176, "column": 55 }
      },
      "33": {
        "start": { "line": 177, "column": 2 },
        "end": { "line": 177, "column": 44 }
      },
      "34": {
        "start": { "line": 178, "column": 2 },
        "end": { "line": 178, "column": 38 }
      },
      "35": {
        "start": { "line": 181, "column": 21 },
        "end": { "line": 183, "column": 2 }
      },
      "36": {
        "start": { "line": 182, "column": 2 },
        "end": { "line": 182, "column": 33 }
      },
      "37": {
        "start": { "line": 185, "column": 21 },
        "end": { "line": 187, "column": 2 }
      },
      "38": {
        "start": { "line": 186, "column": 2 },
        "end": { "line": 186, "column": 39 }
      },
      "39": {
        "start": { "line": 189, "column": 16 },
        "end": { "line": 198, "column": 2 }
      },
      "40": {
        "start": { "line": 190, "column": 2 },
        "end": { "line": 192, "column": 3 }
      },
      "41": {
        "start": { "line": 191, "column": 3 },
        "end": { "line": 191, "column": 32 }
      },
      "42": {
        "start": { "line": 193, "column": 2 },
        "end": { "line": 195, "column": 12 }
      },
      "43": {
        "start": { "line": 194, "column": 3 },
        "end": { "line": 194, "column": 26 }
      },
      "44": {
        "start": { "line": 196, "column": 2 },
        "end": { "line": 196, "column": 31 }
      },
      "45": {
        "start": { "line": 197, "column": 2 },
        "end": { "line": 197, "column": 34 }
      },
      "46": {
        "start": { "line": 200, "column": 21 },
        "end": { "line": 211, "column": 2 }
      },
      "47": {
        "start": { "line": 201, "column": 2 },
        "end": { "line": 203, "column": 3 }
      },
      "48": {
        "start": { "line": 202, "column": 3 },
[...]
      "6": {
        "name": "(anonymous_6)",
        "decl": {
          "start": { "line": 100, "column": 31 },
          "end": { "line": 100, "column": 32 }
        },
        "loc": {
          "start": { "line": 100, "column": 65 },
          "end": { "line": 113, "column": 1 }
        },
        "line": 100
      },
      "7": {
        "name": "(anonymous_7)",
        "decl": {
          "start": { "line": 115, "column": 37 },
          "end": { "line": 115, "column": 38 }
        },
        "loc": {
          "start": { "line": 115, "column": 71 },
          "end": { "line": 128, "column": 1 }
        },
        "line": 115
      }
    },
    "branchMap": {
      "0": {
        "loc": {
          "start": { "line": 10, "column": 26 },
          "end": { "line": 10, "column": 46 }
        },
        "type": "default-arg",
        "locations": [
          {
            "start": { "line": 10, "column": 34 },
            "end": { "line": 10, "column": 46 }
          }
        ],
        "line": 10
      },
      "1": {
        "loc": {
          "start": { "line": 11, "column": 2 },
          "end": { "line": 22, "column": 3 }
        },
        "type": "switch",
        "locations": [
          {
            "start": { "line": 12, "column": 4 },
            "end": { "line": 18, "column": 5 }
          },
          {
            "start": { "line": 19, "column": 4 },
            "end": { "line": 21, "column": 5 }
          }
        ],
        "line": 11
      },
      "2": {
        "loc": {
          "start": { "line": 25, "column": 32 },
          "end": { "line": 25, "column": 52 }
        },
        "type": "default-arg",
        "locations": [
          {
            "start": { "line": 25, "column": 40 },
            "end": { "line": 25, "column": 52 }
          }
        ],
        "line": 25
      },
      "3": {
        "loc": {
          "start": { "line": 26, "column": 2 },
          "end": { "line": 37, "column": 3 }
        },
        "type": "switch",
        "locations": [
          {
            "start": { "line": 27, "column": 4 },
            "end": { "line": 33, "column": 5 }
          },
          {
            "start": { "line": 34, "column": 4 },
            "end": { "line": 36, "column": 5 }
          }
        ],
        "line": 26
      },
      "4": {
        "loc": {
          "start": { "line": 40, "column": 30 },
          "end": { "line": 40, "column": 50 }
        },
        "type": "default-arg",
        "locations": [
          {
            "start": { "line": 40, "column": 38 },
            "end": { "line": 40, "column": 50 }
          }
        ],
        "line": 40
      },
      "5": {
        "loc": {
          "start": { "line": 41, "column": 2 },
          "end": { "line": 52, "column": 3 }
        },
        "type": "switch",
        "locations": [
          {
            "start": { "line": 42, "column": 4 },
            "end": { "line": 48, "column": 5 }
          },
          {
            "start": { "line": 49, "column": 4 },
            "end": { "line": 51, "column": 5 }
          }
        ],
        "line": 41
      },
      "6": {
        "loc": {
          "start": { "line": 55, "column": 25 },
          "end": { "line": 55, "column": 45 }
        },
        "type": "default-arg",
        "locations": [
          {
            "start": { "line": 55, "column": 33 },
            "end": { "line": 55, "column": 45 }
          }
        ],
        "line": 55
      },
      "7": {
        "loc": {
          "start": { "line": 56, "column": 2 },
          "end": { "line": 67, "column": 3 }
        },
        "type": "switch",
        "locations": [
          {
            "start": { "line": 57, "column": 4 },
            "end": { "line": 63, "column": 5 }
          },
          {
            "start": { "line": 64, "column": 4 },
            "end": { "line": 66, "column": 5 }
          }
        ],
        "line": 56
      },
      "8": {
        "loc": {
          "start": { "line": 70, "column": 25 },
          "end": { "line": 70, "column": 45 }
        },
        "type": "default-arg",
        "locations": [
          {
            "start": { "line": 70, "column": 33 },
            "end": { "line": 70, "column": 45 }
          }
        ],
        "line": 70
      },
      "9": {
        "loc": {
          "start": { "line": 71, "column": 2 },
          "end": { "line": 82, "column": 3 }
        },
        "type": "switch",
        "locations": [
          {
            "start": { "line": 72, "column": 4 },
            "end": { "line": 78, "column": 5 }
          },
          {
            "start": { "line": 79, "column": 4 },
            "end": { "line": 81, "column": 5 }
          }
        ],
        "line": 71
      },
      "10": {
        "loc": {
          "start": { "line": 85, "column": 28 },
          "end": { "line": 85, "column": 48 }
        },
        "type": "default-arg",
        "locations": [
          {
            "start": { "line": 85, "column": 36 },
            "end": { "line": 85, "column": 48 }
          }
        ],
        "line": 85
      },
      "11": {
        "loc": {
          "start": { "line": 86, "column": 2 },
          "end": { "line": 97, "column": 3 }
        },
        "type": "switch",
        "locations": [
          {
            "start": { "line": 87, "column": 4 },
            "end": { "line": 93, "column": 5 }
          },
          {
            "start": { "line": 94, "column": 4 },
            "end": { "line": 96, "column": 5 }
          }
        ],
        "line": 86
      },
      "12": {
        "loc": {
          "start": { "line": 100, "column": 32 },
          "end": { "line": 100, "column": 52 }
        },
        "type": "default-arg",
        "locations": [
          {
            "start": { "line": 100, "column": 40 },
            "end": { "line": 100, "column": 52 }
          }
        ],
        "line": 100
      },
      "13": {
        "loc": {
          "start": { "line": 101, "column": 2 },
          "end": { "line": 112, "column": 3 }
        },
        "type": "switch",
        "locations": [
          {
            "start": { "line": 102, "column": 4 },
            "end": { "line": 108, "column": 5 }
          },
          {
            "start": { "line": 109, "column": 4 },
            "end": { "line": 111, "column": 5 }
          }
        ],
        "line": 101
      },
      "14": {
        "loc": {
          "start": { "line": 115, "column": 38 },
          "end": { "line": 115, "column": 58 }
        },
        "type": "default-arg",
        "locations": [
          {
            "start": { "line": 115, "column": 46 },
            "end": { "line": 115, "column": 58 }
          }
        ],
        "line": 115
      },
      "15": {
        "loc": {
          "start": { "line": 116, "column": 2 },
          "end": { "line": 127, "column": 3 }
        },
        "type": "switch",
        "locations": [
          {
            "start": { "line": 117, "column": 4 },
            "end": { "line": 123, "column": 5 }
          },
          {
            "start": { "line": 124, "column": 4 },
            "end": { "line": 126, "column": 5 }
          }
        ],
        "line": 116
      }
    },
    "s": {
      "0": 5,
      "1": 5,
      "2": 18,
      "3": 1,
      "4": 17,
      "5": 5,
      "6": 18,
      "7": 1,
      "8": 17,
      "9": 5,
      "10": 18,
      "11": 1,
      "12": 17,
      "13": 5,
      "14": 18,
      "15": 1,
      "16": 17,
      "17": 5,
      "18": 18,
      "19": 1,
      "20": 17,
      "21": 5,
      "22": 18,
      "23": 1,
      "24": 17,
      "25": 5,
      "26": 18,
      "27": 1,
      "28": 17,
      "29": 5,
      "30": 18,
      "31": 1,
      "32": 17,
      "33": 5
    },
    "f": {
      "0": 18,
      "1": 18,
      "2": 18,
      "3": 18,
      "4": 18,
      "5": 18,
      "6": 18,
      "7": 18
    },
    "b": {
      "0": [18],
      "1": [1, 17],
      "2": [18],
      "3": [1, 17],
      "4": [18],
      "5": [1, 17],
      "6": [18],
      "7": [1, 17],
      "8": [18],
      "9": [1, 17],
      "10": [18],
      "11": [1, 17],
      "12": [18],
      "13": [1, 17],
      "14": [18],
      "15": [1, 17]
    },
    "_coverageSchema": "43e27e138ebf9cfc5966b082cf9a028302ed4184",
    "hash": "79b6ffef0071a677d2a9e635bab3459a215f7973"
  },
  "/home/trinh.van.tan/certificate-verify/blockchain-explorer/client/src/state/redux/tables/selectors.js": {
    "path": "/home/trinh.van.tan/certificate-verify/blockchain-explorer/client/src/state/redux/tables/selectors.js",
    "statementMap": {
      "0": {
        "start": { "line": 5, "column": 33 },
        "end": { "line": 5, "column": 69 }
      },
      "1": {
        "start": { "line": 5, "column": 42 },
        "end": { "line": 5, "column": 69 }
      },
      "2": {
        "start": { "line": 6, "column": 37 },
        "end": { "line": 6, "column": 77 }
      },
      "3": {
        "start": { "line": 6, "column": 46 },
        "end": { "line": 6, "column": 77 }
      },
      "4": {
        "start": { "line": 7, "column": 32 },
        "end": { "line": 7, "column": 67 }
      },
      "5": {
        "start": { "line": 7, "column": 41 },
        "end": { "line": 7, "column": 67 }
      },
      "6": {
        "start": { "line": 8, "column": 32 },
        "end": { "line": 8, "column": 67 }
      },
      "7": {
        "start": { "line": 8, "column": 41 },
        "end": { "line": 8, "column": 67 }
      },
      "8": {
        "start": { "line": 9, "column": 35 },
        "end": { "line": 9, "column": 80 }
      },
      "9": {
        "start": { "line": 9, "column": 44 },
        "end": { "line": 9, "column": 80 }
      },
      "10": {
        "start": { "line": 10, "column": 39 },
        "end": { "line": 10, "column": 81 }
      },
      "11": {
        "start": { "line": 10, "column": 48 },
        "end": { "line": 10, "column": 81 }
      },
      "12": {
        "start": { "line": 11, "column": 45 },
        "end": { "line": 11, "column": 93 }
      },
      "13": {
        "start": { "line": 11, "column": 54 },
        "end": { "line": 11, "column": 93 }
      },
      "14": {
        "start": { "line": 12, "column": 39 },
        "end": { "line": 12, "column": 81 }
      },
      "15": {
        "start": { "line": 12, "column": 48 },
        "end": { "line": 12, "column": 81 }
      }
    },
    "fnMap": {
      "0": {
        "name": "(anonymous_0)",
        "decl": {
          "start": { "line": 5, "column": 33 },
          "end": { "line": 5, "column": 34 }
        },
        "loc": {
          "start": { "line": 5, "column": 42 },
          "end": { "line": 5, "column": 69 }
        },
        "line": 5
      },
      "1": {
        "name": "(anonymous_1)",
        "decl": {
          "start": { "line": 6, "column": 37 },
          "end": { "line": 6, "column": 38 }
        },
        "loc": {
          "start": { "line": 6, "column": 46 },
          "end": { "line": 6, "column": 77 }
        },
        "line": 6
      },
      "2": {
        "name": "(anonymous_2)",
        "decl": {
          "start": { "line": 7, "column": 32 },
          "end": { "line": 7, "column": 33 }
        },
        "loc": {
          "start": { "line": 7, "column": 41 },
          "end": { "line": 7, "column": 67 }
        },
        "line": 7
      },
      "3": {
        "name": "(anonymous_3)",
        "decl": {
          "start": { "line": 8, "column": 32 },
          "end": { "line": 8, "column": 33 }
        },
        "loc": {
          "start": { "line": 8, "column": 41 },
          "end": { "line": 8, "column": 67 }
        },
        "line": 8
      },
      "4": {
        "name": "(anonymous_4)",
        "decl": {
          "start": { "line": 9, "column": 35 },
          "end": { "line": 9, "column": 36 }
        },
        "loc": {
          "start": { "line": 9, "column": 44 },
          "end": { "line": 9, "column": 80 }
        },
        "line": 9
      },
      "5": {
        "name": "(anonymous_5)",
        "decl": {
          "start": { "line": 10, "column": 39 },
          "end": { "line": 10, "column": 40 }
        },
        "loc": {
          "start": { "line": 10, "column": 48 },
          "end": { "line": 10, "column": 81 }
        },
        "line": 10
      },
      "6": {
        "name": "(anonymous_6)",
        "decl": {
          "start": { "line": 11, "column": 45 },
          "end": { "line": 11, "column": 46 }
        },
        "loc": {
          "start": { "line": 11, "column": 54 },
          "end": { "line": 11, "column": 93 }
        },
        "line": 11
      },
      "7": {
        "name": "(anonymous_7)",
        "decl": {
          "start": { "line": 12, "column": 39 },
          "end": { "line": 12, "column": 40 }
        },
        "loc": {
          "start": { "line": 12, "column": 48 },
          "end": { "line": 12, "column": 81 }
        },
        "line": 12
      }
    },
    "branchMap": {},
    "s": {
      "0": 5,
      "1": 1,
      "2": 5,
      "3": 1,
      "4": 5,
      "5": 1,
      "6": 5,
      "7": 1,
      "8": 5,
      "9": 1,
      "10": 5,
      "11": 1,
      "12": 5,
      "13": 1,
      "14": 5,
      "15": 1
    },
    "f": { "0": 1, "1": 1, "2": 1, "3": 1, "4": 1, "5": 1, "6": 1, "7": 1 },
    "b": {},
    "_coverageSchema": "43e27e138ebf9cfc5966b082cf9a028302ed4184",
    "hash": "38f31e3420d94c6dfa7887fa13ac4978c6eed189"
  },
  "/home/trinh.van.tan/certificate-verify/blockchain-explorer/client/src/state/redux/tables/types.js": {
    "path": "/home/trinh.van.tan/certificate-verify/blockchain-explorer/client/src/state/redux/tables/types.js",
    "statementMap": {
      "0": {
        "start": { "line": 5, "column": 19 },
        "end": { "line": 5, "column": 27 }
      },
      "1": {
        "start": { "line": 7, "column": 19 },
        "end": { "line": 7, "column": 45 }
      },
      "2": {
        "start": { "line": 8, "column": 23 },
        "end": { "line": 8, "column": 53 }
      },
      "3": {
        "start": { "line": 9, "column": 17 },
        "end": { "line": 9, "column": 41 }
      },
      "4": {
        "start": { "line": 10, "column": 18 },
        "end": { "line": 10, "column": 43 }
      },
      "5": {
        "start": { "line": 11, "column": 20 },
        "end": { "line": 11, "column": 47 }
      },
      "6": {
        "start": { "line": 12, "column": 25 },
        "end": { "line": 12, "column": 57 }
      },
      "7": {
        "start": { "line": 13, "column": 26 },
        "end": { "line": 13, "column": 59 }
      },
      "8": {
        "start": { "line": 14, "column": 32 },
        "end": { "line": 14, "column": 71 }
      },
      "9": {
        "start": { "line": 15, "column": 13 },
        "end": { "line": 15, "column": 33 }
      }
    },
    "fnMap": {},
    "branchMap": {},
    "s": {
      "0": 5,
      "1": 5,
      "2": 5,
      "3": 5,
      "4": 5,
      "5": 5,
      "6": 5,
      "7": 5,
      "8": 5,
      "9": 5
    },
    "f": {},
    "b": {},
    "_coverageSchema": "43e27e138ebf9cfc5966b082cf9a028302ed4184",
    "hash": "231368680a6ce8d2bc6aef7f76ea4b2f1291b8b2"
  },
  "/home/trinh.van.tan/certificate-verify/blockchain-explorer/client/src/state/redux/theme/actions.js": {
    "path": "/home/trinh.van.tan/certificate-verify/blockchain-explorer/client/src/state/redux/theme/actions.js",
    "statementMap": {
      "0": {
        "start": { "line": 7, "column": 27 },
        "end": { "line": 10, "column": 2 }
      },
      "1": {
        "start": { "line": 7, "column": 36 },
        "end": { "line": 10, "column": 1 }
      }
    },
    "fnMap": {
      "0": {
        "name": "(anonymous_0)",
        "decl": {
          "start": { "line": 7, "column": 27 },
          "end": { "line": 7, "column": 28 }
        },
        "loc": {
          "start": { "line": 7, "column": 36 },
          "end": { "line": 10, "column": 1 }
        },
        "line": 7
      }
    },
    "branchMap": {},
    "s": { "0": 3, "1": 1 },
    "f": { "0": 1 },
    "b": {},
    "_coverageSchema": "43e27e138ebf9cfc5966b082cf9a028302ed4184",
    "hash": "426c253a5dfdaf0d59d4706bc55fac11aae7114f"
  },
  "/home/trinh.van.tan/certificate-verify/blockchain-explorer/client/src/state/redux/theme/reducers.js": {
    "path": "/home/trinh.van.tan/certificate-verify/blockchain-explorer/client/src/state/redux/theme/reducers.js",
    "statementMap": {
      "0": {
        "start": { "line": 8, "column": 21 },
        "end": { "line": 20, "column": 1 }
      },
      "1": {
        "start": { "line": 9, "column": 2 },
        "end": { "line": 19, "column": 3 }
      },
      "2": {
        "start": { "line": 11, "column": 6 },
        "end": { "line": 14, "column": 8 }
      },
      "3": {
        "start": { "line": 17, "column": 6 },
        "end": { "line": 17, "column": 19 }
      }
    },
    "fnMap": {
      "0": {
        "name": "(anonymous_0)",
        "decl": {
          "start": { "line": 8, "column": 21 },
          "end": { "line": 8, "column": 22 }
        },
        "loc": {
          "start": { "line": 8, "column": 60 },
          "end": { "line": 20, "column": 1 }
        },
        "line": 8
      }
    },
    "branchMap": {
      "0": {
        "loc": {
          "start": { "line": 8, "column": 22 },
          "end": { "line": 8, "column": 47 }
        },
        "type": "default-arg",
        "locations": [
          {
            "start": { "line": 8, "column": 30 },
            "end": { "line": 8, "column": 47 }
          }
        ],
        "line": 8
      },
      "1": {
        "loc": {
          "start": { "line": 9, "column": 2 },
          "end": { "line": 19, "column": 3 }
        },
        "type": "switch",
        "locations": [
          {
            "start": { "line": 10, "column": 4 },
            "end": { "line": 15, "column": 5 }
          },
          {
            "start": { "line": 16, "column": 4 },
            "end": { "line": 18, "column": 5 }
          }
        ],
        "line": 9
      }
    },
    "s": { "0": 3, "1": 2, "2": 1, "3": 1 },
    "f": { "0": 2 },
    "b": { "0": [1], "1": [1, 1] },
    "_coverageSchema": "43e27e138ebf9cfc5966b082cf9a028302ed4184",
    "hash": "7de9bffc7ca5d9fce120b47beba125f2bf7a1e52"
  },
  "/home/trinh.van.tan/certificate-verify/blockchain-explorer/client/src/state/redux/theme/selectors.js": {
    "path": "/home/trinh.van.tan/certificate-verify/blockchain-explorer/client/src/state/redux/theme/selectors.js",
    "statementMap": {
      "0": {
        "start": { "line": 5, "column": 28 },
        "end": { "line": 5, "column": 53 }
      },
      "1": {
        "start": { "line": 5, "column": 37 },
        "end": { "line": 5, "column": 53 }
      }
    },
    "fnMap": {
      "0": {
        "name": "(anonymous_0)",
        "decl": {
          "start": { "line": 5, "column": 28 },
          "end": { "line": 5, "column": 29 }
        },
        "loc": {
          "start": { "line": 5, "column": 37 },
          "end": { "line": 5, "column": 53 }
        },
        "line": 5
      }
    },
    "branchMap": {},
    "s": { "0": 3, "1": 1 },
    "f": { "0": 1 },
    "b": {},
    "_coverageSchema": "43e27e138ebf9cfc5966b082cf9a028302ed4184",
    "hash": "3de052c3c9d53cd975074dc4001e88fd2701d345"
  },
  "/home/trinh.van.tan/certificate-verify/blockchain-explorer/client/src/state/redux/theme/types.js": {
    "path": "/home/trinh.van.tan/certificate-verify/blockchain-explorer/client/src/state/redux/theme/types.js",
    "statementMap": {
      "0": {
        "start": { "line": 5, "column": 19 },
        "end": { "line": 5, "column": 26 }
      },
      "1": {
        "start": { "line": 7, "column": 21 },
        "end": { "line": 7, "column": 49 }
      }
    },
    "fnMap": {},
    "branchMap": {},
    "s": { "0": 3, "1": 3 },
    "f": {},
    "b": {},
    "_coverageSchema": "43e27e138ebf9cfc5966b082cf9a028302ed4184",
    "hash": "8f5b9a3fda2652aaadc49281b73d96d30e7725ce"
  }
}
