TN:
SF:/home/trinh.van.tan/certificate-verify/blockchain-explorer/client/src/FabricVersion.js
FNF:0
FNH:0
DA:3,2
LF:1
LH:1
BRF:0
BRH:0
end_of_record
TN:
SF:/home/trinh.van.tan/certificate-verify/blockchain-explorer/client/src/components/ErrorMessage.js
FN:16,(anonymous_0)
FNF:1
FNH:1
FNDA:1,(anonymous_0)
DA:6,2
DA:16,2
DA:17,1
LF:3
LH:3
BRF:0
BRH:0
end_of_record
TN:
SF:/home/trinh.van.tan/certificate-verify/blockchain-explorer/client/src/components/App/App.js
FN:44,(anonymous_0)
FN:51,(anonymous_1)
FN:55,(anonymous_2)
FN:59,(anonymous_3)
FN:76,(anonymous_4)
FN:78,(anonymous_5)
FN:95,(anonymous_6)
FNF:7
FNH:2
FNDA:5,(anonymous_0)
FNDA:0,(anonymous_1)
FNDA:0,(anonymous_2)
FNDA:11,(anonymous_3)
FNDA:0,(anonymous_4)
FNDA:0,(anonymous_5)
FNDA:0,(anonymous_6)
DA:45,5
DA:46,5
DA:51,5
DA:52,0
DA:55,5
DA:56,0
DA:60,11
DA:61,11
DA:62,11
DA:63,2
DA:65,9
DA:66,9
DA:67,9
DA:76,0
DA:78,0
DA:87,1
DA:88,1
DA:89,1
DA:90,1
DA:95,0
LF:20
LH:15
BRDA:62,0,0,2
BRDA:62,0,1,9
BRDA:62,1,0,11
BRDA:62,1,1,4
BRDA:66,2,0,9
BRDA:66,2,1,0
BRDA:69,3,0,9
BRDA:69,3,1,2
BRDA:70,4,0,9
BRDA:70,4,1,0
BRDA:81,5,0,9
BRDA:81,5,1,2
BRF:12
BRH:10
end_of_record
TN:
SF:/home/trinh.van.tan/certificate-verify/blockchain-explorer/client/src/components/Charts/ChartStats.js
FN:47,(anonymous_0)
FN:54,(anonymous_1)
FN:55,(anonymous_2)
FN:61,(anonymous_3)
FN:65,(anonymous_4)
FN:79,(anonymous_5)
FN:81,(anonymous_6)
FN:102,(anonymous_7)
FN:108,(anonymous_8)
FN:126,(anonymous_9)
FN:138,(anonymous_10)
FN:150,(anonymous_11)
FN:162,(anonymous_12)
FN:204,(anonymous_13)
FNF:14
FNH:12
FNDA:12,(anonymous_0)
FNDA:12,(anonymous_1)
FNDA:2,(anonymous_2)
FNDA:0,(anonymous_3)
FNDA:3,(anonymous_4)
FNDA:78,(anonymous_5)
FNDA:2754,(anonymous_6)
FNDA:7,(anonymous_7)
FNDA:19,(anonymous_8)
FNDA:2,(anonymous_9)
FNDA:2,(anonymous_10)
FNDA:2,(anonymous_11)
FNDA:1,(anonymous_12)
FNDA:0,(anonymous_13)
DA:32,4
DA:48,12
DA:49,12
DA:55,12
DA:56,2
DA:57,2
DA:62,0
DA:65,12
DA:71,3
DA:73,3
DA:74,3
DA:75,3
DA:76,3
DA:79,12
DA:80,78
DA:81,78
DA:82,2754
DA:83,1
DA:86,2754
DA:94,78
DA:96,78
DA:102,12
DA:103,7
DA:109,19
DA:116,19
DA:118,19
DA:127,2
DA:139,2
DA:151,2
DA:163,1
DA:189,4
DA:204,0
LF:32
LH:30
BRDA:79,0,0,12
BRDA:82,1,0,1
BRDA:82,1,1,2753
BRF:3
BRH:3
end_of_record
TN:
SF:/home/trinh.van.tan/certificate-verify/blockchain-explorer/client/src/components/Charts/OrgPieChart.js
FN:38,intConversion
FN:46,getRGBColor
FN:51,convertSha256
FN:56,getOrgColor
FN:61,(anonymous_4)
FN:72,(anonymous_5)
FN:77,(anonymous_6)
FN:84,(anonymous_7)
FN:86,(anonymous_8)
FN:96,(anonymous_9)
FNF:10
FNH:10
FNDA:9,intConversion
FNDA:9,getRGBColor
FNDA:9,convertSha256
FNDA:9,getOrgColor
FNDA:2,(anonymous_4)
FNDA:2,(anonymous_5)
FNDA:1,(anonymous_6)
FNDA:3,(anonymous_7)
FNDA:9,(anonymous_8)
FNDA:5,(anonymous_9)
DA:39,9
DA:40,9
DA:41,576
DA:43,9
DA:47,9
DA:48,9
DA:52,9
DA:53,9
DA:57,9
DA:62,2
DA:63,2
DA:73,2
DA:74,2
DA:78,1
DA:79,1
DA:80,1
DA:84,2
DA:85,3
DA:86,3
DA:87,9
DA:93,3
DA:97,5
DA:98,5
DA:99,5
DA:120,4
LF:25
LH:25
BRDA:79,0,0,1
BRDA:79,0,1,0
BRF:2
BRH:1
end_of_record
TN:
SF:/home/trinh.van.tan/certificate-verify/blockchain-explorer/client/src/components/Charts/TimeChart.js
FN:20,(anonymous_0)
FN:43,(anonymous_1)
FNF:2
FNH:2
FNDA:2,(anonymous_0)
FNDA:14,(anonymous_1)
DA:20,5
DA:21,2
DA:22,2
DA:23,2
DA:43,5
DA:44,14
DA:65,5
LF:7
LH:7
BRDA:25,0,0,1
BRDA:25,0,1,1
BRDA:27,1,0,1
BRDA:27,1,1,1
BRDA:30,2,0,1
BRDA:30,2,1,1
BRDA:34,3,0,1
BRDA:34,3,1,1
BRDA:37,4,0,1
BRDA:37,4,1,1
BRF:10
BRH:10
end_of_record
TN:
SF:/home/trinh.van.tan/certificate-verify/blockchain-explorer/client/src/components/Footer/FooterView.js
FN:10,(anonymous_0)
FN:29,(anonymous_1)
FN:36,(anonymous_2)
FNF:3
FNH:3
FNDA:2,(anonymous_0)
FNDA:3,(anonymous_1)
FNDA:3,(anonymous_2)
DA:10,2
DA:11,2
DA:12,2
DA:13,2
DA:29,2
DA:30,3
DA:36,3
LF:7
LH:7
BRDA:18,0,0,1
BRDA:18,0,1,1
BRDA:19,1,0,1
BRDA:19,1,1,1
BRF:4
BRH:4
end_of_record
TN:
SF:/home/trinh.van.tan/certificate-verify/blockchain-explorer/client/src/components/Forms/ChaincodeForm.js
FN:10,(anonymous_0)
FN:54,(anonymous_1)
FNF:2
FNH:2
FNDA:3,(anonymous_0)
FNDA:9,(anonymous_1)
DA:10,5
DA:11,3
DA:12,3
DA:13,3
DA:55,9
DA:56,9
LF:6
LH:6
BRDA:40,0,0,1
BRDA:40,0,1,2
BRDA:41,1,0,1
BRDA:41,1,1,2
BRDA:44,2,0,1
BRDA:44,2,1,2
BRDA:45,3,0,1
BRDA:45,3,1,2
BRF:8
BRH:8
end_of_record
TN:
SF:/home/trinh.van.tan/certificate-verify/blockchain-explorer/client/src/components/Forms/ChannelForm.js
FN:10,(anonymous_0)
FN:34,(anonymous_1)
FNF:2
FNH:2
FNDA:1,(anonymous_0)
FNDA:2,(anonymous_1)
DA:10,4
DA:35,2
DA:37,2
LF:3
LH:3
BRF:0
BRH:0
end_of_record
TN:
SF:/home/trinh.van.tan/certificate-verify/blockchain-explorer/client/src/components/Header/HeaderView.js
FN:215,(anonymous_0)
FN:231,(anonymous_1)
FN:235,(anonymous_2)
FN:255,(anonymous_3)
FN:260,(anonymous_4)
FN:264,(anonymous_5)
FN:269,(anonymous_6)
FN:311,(anonymous_7)
FN:320,(anonymous_8)
FN:322,(anonymous_9)
FN:330,(anonymous_10)
FN:337,(anonymous_11)
FN:341,(anonymous_12)
FN:345,(anonymous_13)
FN:346,(anonymous_14)
FN:349,(anonymous_15)
FN:350,(anonymous_16)
FN:353,(anonymous_17)
FN:370,(anonymous_18)
FN:387,(anonymous_19)
FN:403,(anonymous_20)
FN:408,(anonymous_21)
FN:418,(anonymous_22)
FN:423,(anonymous_23)
FN:458,(anonymous_24)
FN:511,(anonymous_25)
FN:543,(anonymous_26)
FN:560,(anonymous_27)
FN:569,(anonymous_28)
FN:578,(anonymous_29)
FN:587,(anonymous_30)
FN:648,(anonymous_31)
FNF:32
FNH:31
FNDA:28,(anonymous_0)
FNDA:28,(anonymous_1)
FNDA:56,(anonymous_2)
FNDA:13,(anonymous_3)
FNDA:1,(anonymous_4)
FNDA:5,(anonymous_5)
FNDA:6,(anonymous_6)
FNDA:5,(anonymous_7)
FNDA:1,(anonymous_8)
FNDA:2,(anonymous_9)
FNDA:1,(anonymous_10)
FNDA:2,(anonymous_11)
FNDA:21,(anonymous_12)
FNDA:2,(anonymous_13)
FNDA:2,(anonymous_14)
FNDA:2,(anonymous_15)
FNDA:2,(anonymous_16)
FNDA:1,(anonymous_17)
FNDA:4,(anonymous_18)
FNDA:5,(anonymous_19)
FNDA:3,(anonymous_20)
FNDA:1,(anonymous_21)
FNDA:1,(anonymous_22)
FNDA:20,(anonymous_23)
FNDA:116,(anonymous_24)
FNDA:696,(anonymous_25)
FNDA:1,(anonymous_26)
FNDA:1,(anonymous_27)
FNDA:1,(anonymous_28)
FNDA:1,(anonymous_29)
FNDA:1,(anonymous_30)
FNDA:0,(anonymous_31)
DA:62,2
DA:70,2
DA:72,2
DA:73,2
DA:216,28
DA:217,28
DA:232,28
DA:233,28
DA:234,28
DA:235,28
DA:236,56
DA:237,2
DA:242,56
DA:248,28
DA:255,28
DA:256,13
DA:261,1
DA:265,5
DA:266,5
DA:267,5
DA:268,5
DA:269,4
DA:270,6
DA:274,6
DA:278,3
DA:279,2
DA:284,3
DA:285,1
DA:293,5
DA:297,2
DA:300,5
DA:306,5
DA:307,4
DA:311,28
DA:312,5
DA:313,5
DA:314,4
DA:320,28
DA:322,28
DA:323,2
DA:324,1
DA:325,1
DA:326,1
DA:327,1
DA:328,1
DA:329,1
DA:330,1
DA:331,1
DA:337,28
DA:338,2
DA:341,28
DA:342,21
DA:345,28
DA:346,2
DA:349,28
DA:350,2
DA:353,28
DA:354,1
DA:370,28
DA:371,4
DA:373,2
DA:374,2
DA:375,2
DA:378,1
DA:379,1
DA:382,1
DA:387,28
DA:388,5
DA:390,2
DA:391,2
DA:394,2
DA:395,2
DA:398,1
DA:403,28
DA:404,3
DA:405,3
DA:410,1
DA:411,1
DA:412,1
DA:413,1
DA:414,1
DA:415,1
DA:419,1
DA:420,1
DA:438,20
DA:440,20
DA:455,20
DA:459,116
DA:460,116
DA:462,116
DA:463,116
DA:464,116
DA:475,116
DA:477,116
DA:486,116
DA:512,696
DA:543,1
DA:560,1
DA:569,1
DA:578,1
DA:587,1
DA:625,2
DA:643,2
DA:648,0
LF:104
LH:103
BRDA:236,0,0,2
BRDA:236,0,1,54
BRDA:268,1,0,4
BRDA:268,1,1,1
BRDA:274,2,0,3
BRDA:274,2,1,3
BRDA:275,3,0,6
BRDA:275,3,1,3
BRDA:278,4,0,2
BRDA:278,4,1,1
BRDA:284,5,0,1
BRDA:284,5,1,2
BRDA:293,6,0,2
BRDA:293,6,1,3
BRDA:294,7,0,5
BRDA:294,7,1,4
BRDA:306,8,0,4
BRDA:306,8,1,1
BRDA:313,9,0,4
BRDA:313,9,1,1
BRDA:320,10,0,1
BRDA:320,10,1,1
BRDA:323,11,0,1
BRDA:323,11,1,1
BRDA:371,12,0,2
BRDA:371,12,1,1
BRDA:371,12,2,1
BRDA:388,13,0,2
BRDA:388,13,1,2
BRDA:388,13,2,1
BRDA:405,14,0,1
BRDA:405,14,1,2
BRDA:462,15,0,5
BRDA:462,15,1,111
BRF:34
BRH:34
end_of_record
TN:
SF:/home/trinh.van.tan/certificate-verify/blockchain-explorer/client/src/components/Lists/Blocks.js
FN:101,(anonymous_0)
FN:118,(anonymous_1)
FN:121,(anonymous_2)
FN:125,(anonymous_3)
FN:131,(anonymous_4)
FN:139,(anonymous_5)
FN:146,(anonymous_6)
FN:150,(anonymous_7)
FN:161,(anonymous_8)
FN:175,(anonymous_9)
FN:181,(anonymous_10)
FN:185,(anonymous_11)
FN:189,(anonymous_12)
FN:193,(anonymous_13)
FN:200,(anonymous_14)
FN:213,(anonymous_15)
FN:217,(anonymous_16)
FN:225,(anonymous_17)
FN:229,(anonymous_18)
FN:235,(anonymous_19)
FN:239,(anonymous_20)
FN:252,(anonymous_21)
FN:264,(anonymous_22)
FN:278,(anonymous_23)
FN:288,(anonymous_24)
FN:301,(anonymous_25)
FN:306,(anonymous_26)
FN:316,(anonymous_27)
FN:329,(anonymous_28)
FN:333,(anonymous_29)
FN:343,(anonymous_30)
FN:357,(anonymous_31)
FN:360,(anonymous_32)
FN:371,(anonymous_33)
FN:384,(anonymous_34)
FN:395,(anonymous_35)
FN:412,(anonymous_36)
FN:429,(anonymous_37)
FN:455,(anonymous_38)
FN:465,(anonymous_39)
FN:476,(anonymous_40)
FN:487,(anonymous_41)
FN:500,(anonymous_42)
FN:504,(anonymous_43)
FNF:44
FNH:40
FNDA:36,(anonymous_0)
FNDA:36,(anonymous_1)
FNDA:70,(anonymous_2)
FNDA:108,(anonymous_3)
FNDA:4,(anonymous_4)
FNDA:6,(anonymous_5)
FNDA:1,(anonymous_6)
FNDA:113,(anonymous_7)
FNDA:12,(anonymous_8)
FNDA:2,(anonymous_9)
FNDA:1,(anonymous_10)
FNDA:1,(anonymous_11)
FNDA:2,(anonymous_12)
FNDA:2,(anonymous_13)
FNDA:2,(anonymous_14)
FNDA:3,(anonymous_15)
FNDA:3,(anonymous_16)
FNDA:1,(anonymous_17)
FNDA:1,(anonymous_18)
FNDA:113,(anonymous_19)
FNDA:2,(anonymous_20)
FNDA:0,(anonymous_21)
FNDA:2,(anonymous_22)
FNDA:237,(anonymous_23)
FNDA:2,(anonymous_24)
FNDA:237,(anonymous_25)
FNDA:1,(anonymous_26)
FNDA:2,(anonymous_27)
FNDA:237,(anonymous_28)
FNDA:0,(anonymous_29)
FNDA:2,(anonymous_30)
FNDA:237,(anonymous_31)
FNDA:575,(anonymous_32)
FNDA:1,(anonymous_33)
FNDA:2,(anonymous_34)
FNDA:113,(anonymous_35)
FNDA:2,(anonymous_36)
FNDA:2,(anonymous_37)
FNDA:1,(anonymous_38)
FNDA:2,(anonymous_39)
FNDA:2,(anonymous_40)
FNDA:0,(anonymous_41)
FNDA:0,(anonymous_42)
FNDA:6,(anonymous_43)
DA:102,36
DA:103,36
DA:119,36
DA:120,36
DA:121,36
DA:122,70
DA:124,36
DA:125,36
DA:126,108
DA:128,36
DA:132,4
DA:136,3
DA:137,1
DA:139,3
DA:140,6
DA:142,3
DA:147,1
DA:151,113
DA:152,105
DA:154,8
DA:155,2
DA:158,6
DA:161,36
DA:162,12
DA:165,12
DA:166,2
DA:168,12
DA:169,12
DA:170,9
DA:172,12
DA:175,36
DA:176,2
DA:177,2
DA:178,2
DA:181,36
DA:182,1
DA:185,36
DA:186,1
DA:189,36
DA:190,2
DA:191,1
DA:193,2
DA:194,2
DA:196,2
DA:197,2
DA:200,36
DA:201,2
DA:202,1
DA:204,2
DA:213,36
DA:214,3
DA:217,3
DA:219,3
DA:225,36
DA:226,1
DA:229,36
DA:230,1
DA:231,1
DA:232,1
DA:235,113
DA:240,2
DA:253,0
DA:265,2
DA:279,237
DA:289,2
DA:302,237
DA:306,1
DA:317,2
DA:330,237
DA:333,0
DA:344,2
DA:358,237
DA:361,575
DA:371,1
DA:385,2
DA:396,113
DA:399,113
DA:400,113
DA:401,113
DA:413,2
DA:414,1
DA:416,1
DA:430,2
DA:431,1
DA:433,1
DA:456,1
DA:466,2
DA:477,2
DA:487,0
DA:501,0
DA:505,6
DA:540,4
DA:547,4
LF:93
LH:89
BRDA:132,0,0,3
BRDA:132,0,1,1
BRDA:133,1,0,4
BRDA:133,1,1,3
BRDA:136,2,0,1
BRDA:136,2,1,2
BRDA:151,3,0,105
BRDA:151,3,1,8
BRDA:154,4,0,2
BRDA:154,4,1,6
BRDA:169,5,0,9
BRDA:169,5,1,3
BRDA:190,6,0,1
BRDA:190,6,1,1
BRDA:201,7,0,1
BRDA:201,7,1,1
BRDA:214,8,0,1
BRDA:214,8,1,2
BRDA:284,9,0,4
BRDA:284,9,1,233
BRDA:312,10,0,4
BRDA:312,10,1,233
BRDA:339,11,0,4
BRDA:339,11,1,233
BRDA:359,12,0,235
BRDA:359,12,1,2
BRDA:377,13,0,2
BRDA:377,13,1,573
BRDA:396,14,0,12
BRDA:396,14,1,101
BRDA:413,15,0,1
BRDA:413,15,1,1
BRDA:430,16,0,1
BRDA:430,16,1,1
BRDA:438,17,0,113
BRDA:438,17,1,2
BRF:36
BRH:36
end_of_record
TN:
SF:/home/trinh.van.tan/certificate-verify/blockchain-explorer/client/src/components/Lists/Chaincodes.js
FN:14,(anonymous_0)
FN:25,(anonymous_1)
FN:34,(anonymous_2)
FN:38,(anonymous_3)
FN:42,(anonymous_4)
FN:47,(anonymous_5)
FN:51,(anonymous_6)
FN:55,(anonymous_7)
FN:67,(anonymous_8)
FN:79,(anonymous_9)
FN:91,(anonymous_10)
FN:103,(anonymous_11)
FN:114,(anonymous_12)
FNF:13
FNH:12
FNDA:0,(anonymous_0)
FNDA:12,(anonymous_1)
FNDA:1,(anonymous_2)
FNDA:1,(anonymous_3)
FNDA:2,(anonymous_4)
FNDA:1,(anonymous_5)
FNDA:21,(anonymous_6)
FNDA:1,(anonymous_7)
FNDA:1,(anonymous_8)
FNDA:1,(anonymous_9)
FNDA:1,(anonymous_10)
FNDA:1,(anonymous_11)
FNDA:21,(anonymous_12)
DA:14,4
DA:26,12
DA:27,12
DA:34,12
DA:35,1
DA:38,12
DA:39,1
DA:42,12
DA:43,2
DA:44,2
DA:47,12
DA:48,1
DA:51,21
DA:56,1
DA:68,1
DA:80,1
DA:92,1
DA:104,1
DA:115,21
DA:116,21
DA:117,21
DA:155,4
LF:22
LH:22
BRF:0
BRH:0
end_of_record
TN:
SF:/home/trinh.van.tan/certificate-verify/blockchain-explorer/client/src/components/Lists/Channels.js
FN:11,(anonymous_0)
FN:15,(anonymous_1)
FN:27,(anonymous_2)
FN:38,(anonymous_3)
FN:50,(anonymous_4)
FN:62,(anonymous_5)
FN:72,(anonymous_6)
FNF:7
FNH:7
FNDA:8,(anonymous_0)
FNDA:1,(anonymous_1)
FNDA:1,(anonymous_2)
FNDA:1,(anonymous_3)
FNDA:1,(anonymous_4)
FNDA:1,(anonymous_5)
FNDA:8,(anonymous_6)
DA:11,8
DA:15,1
DA:27,1
DA:38,1
DA:50,1
DA:62,1
DA:73,8
DA:74,8
DA:89,4
LF:9
LH:9
BRF:0
BRH:0
end_of_record
TN:
SF:/home/trinh.van.tan/certificate-verify/blockchain-explorer/client/src/components/Lists/Peers.js
FN:10,(anonymous_0)
FN:15,(anonymous_1)
FN:26,(anonymous_2)
FN:37,(anonymous_3)
FN:48,(anonymous_4)
FN:62,(anonymous_5)
FN:73,(anonymous_6)
FN:84,(anonymous_7)
FN:85,(anonymous_8)
FNF:9
FNH:4
FNDA:6,(anonymous_0)
FNDA:1,(anonymous_1)
FNDA:1,(anonymous_2)
FNDA:0,(anonymous_3)
FNDA:0,(anonymous_4)
FNDA:0,(anonymous_5)
FNDA:0,(anonymous_6)
FNDA:25,(anonymous_7)
FNDA:0,(anonymous_8)
DA:10,4
DA:11,6
DA:15,1
DA:26,1
DA:37,0
DA:48,0
DA:62,0
DA:73,0
DA:84,25
DA:85,0
DA:97,6
DA:111,4
LF:12
LH:7
BRF:0
BRH:0
end_of_record
TN:
SF:/home/trinh.van.tan/certificate-verify/blockchain-explorer/client/src/components/Lists/PeersHealth.js
FN:12,(anonymous_0)
FN:24,(anonymous_1)
FNF:2
FNH:2
FNDA:1,(anonymous_0)
FNDA:1,(anonymous_1)
DA:12,4
DA:24,4
DA:25,1
DA:44,1
DA:57,4
LF:5
LH:5
BRF:0
BRH:0
end_of_record
TN:
SF:/home/trinh.van.tan/certificate-verify/blockchain-explorer/client/src/components/Lists/TimelineStream.js
FN:53,(anonymous_0)
FN:61,(anonymous_1)
FN:63,(anonymous_2)
FN:70,(anonymous_3)
FN:74,(anonymous_4)
FN:81,(anonymous_5)
FN:102,(anonymous_6)
FNF:7
FNH:7
FNDA:4,(anonymous_0)
FNDA:2,(anonymous_1)
FNDA:3,(anonymous_2)
FNDA:1,(anonymous_3)
FNDA:8,(anonymous_4)
FNDA:8,(anonymous_5)
FNDA:1,(anonymous_6)
DA:54,4
DA:55,4
DA:61,4
DA:62,2
DA:63,3
DA:64,2
DA:70,4
DA:71,1
DA:75,8
DA:76,8
DA:77,8
DA:82,8
DA:102,1
DA:145,4
LF:14
LH:14
BRF:0
BRH:0
end_of_record
TN:
SF:/home/trinh.van.tan/certificate-verify/blockchain-explorer/client/src/components/Lists/Transactions.js
FN:89,(anonymous_0)
FN:104,(anonymous_1)
FN:107,(anonymous_2)
FN:111,(anonymous_3)
FN:117,(anonymous_4)
FN:125,(anonymous_5)
FN:132,(anonymous_6)
FN:136,(anonymous_7)
FN:147,(anonymous_8)
FN:161,(anonymous_9)
FN:167,(anonymous_10)
FN:171,(anonymous_11)
FN:175,(anonymous_12)
FN:179,(anonymous_13)
FN:186,(anonymous_14)
FN:196,(anonymous_15)
FN:202,(anonymous_16)
FN:208,(anonymous_17)
FN:220,(anonymous_18)
FN:233,(anonymous_19)
FN:238,(anonymous_20)
FN:249,(anonymous_21)
FN:261,(anonymous_22)
FN:273,(anonymous_23)
FN:285,(anonymous_24)
FN:312,(anonymous_25)
FN:329,(anonymous_26)
FN:355,(anonymous_27)
FN:365,(anonymous_28)
FN:376,(anonymous_29)
FN:387,(anonymous_30)
FN:400,(anonymous_31)
FN:404,(anonymous_32)
FNF:33
FNH:30
FNDA:29,(anonymous_0)
FNDA:29,(anonymous_1)
FNDA:85,(anonymous_2)
FNDA:87,(anonymous_3)
FNDA:4,(anonymous_4)
FNDA:5,(anonymous_5)
FNDA:1,(anonymous_6)
FNDA:92,(anonymous_7)
FNDA:10,(anonymous_8)
FNDA:2,(anonymous_9)
FNDA:1,(anonymous_10)
FNDA:1,(anonymous_11)
FNDA:2,(anonymous_12)
FNDA:2,(anonymous_13)
FNDA:1,(anonymous_14)
FNDA:0,(anonymous_15)
FNDA:92,(anonymous_16)
FNDA:2,(anonymous_17)
FNDA:0,(anonymous_18)
FNDA:274,(anonymous_19)
FNDA:1,(anonymous_20)
FNDA:2,(anonymous_21)
FNDA:2,(anonymous_22)
FNDA:2,(anonymous_23)
FNDA:2,(anonymous_24)
FNDA:2,(anonymous_25)
FNDA:2,(anonymous_26)
FNDA:1,(anonymous_27)
FNDA:2,(anonymous_28)
FNDA:1,(anonymous_29)
FNDA:1,(anonymous_30)
FNDA:0,(anonymous_31)
FNDA:5,(anonymous_32)
DA:90,29
DA:91,29
DA:105,29
DA:106,29
DA:107,29
DA:108,85
DA:110,29
DA:111,29
DA:112,87
DA:114,29
DA:118,4
DA:122,3
DA:123,1
DA:125,3
DA:126,5
DA:128,3
DA:133,1
DA:137,92
DA:138,84
DA:140,8
DA:141,2
DA:144,6
DA:147,29
DA:148,10
DA:151,10
DA:152,4
DA:154,10
DA:155,10
DA:156,8
DA:158,10
DA:161,29
DA:162,2
DA:163,2
DA:164,2
DA:167,29
DA:168,1
DA:171,29
DA:172,1
DA:175,29
DA:176,2
DA:177,1
DA:179,2
DA:180,2
DA:182,2
DA:183,2
DA:186,29
DA:187,1
DA:196,29
DA:197,0
DA:198,0
DA:199,0
DA:203,92
DA:204,92
DA:209,2
DA:221,0
DA:234,274
DA:238,1
DA:250,2
DA:262,2
DA:274,2
DA:286,2
DA:296,92
DA:299,92
DA:300,92
DA:301,92
DA:313,2
DA:314,1
DA:316,1
DA:330,2
DA:331,1
DA:333,1
DA:356,1
DA:366,2
DA:377,1
DA:387,1
DA:401,0
DA:405,5
DA:428,4
DA:435,4
LF:79
LH:74
BRDA:118,0,0,3
BRDA:118,0,1,1
BRDA:119,1,0,4
BRDA:119,1,1,3
BRDA:122,2,0,1
BRDA:122,2,1,2
BRDA:137,3,0,84
BRDA:137,3,1,8
BRDA:140,4,0,2
BRDA:140,4,1,6
BRDA:155,5,0,8
BRDA:155,5,1,2
BRDA:176,6,0,1
BRDA:176,6,1,1
BRDA:245,7,0,2
BRDA:245,7,1,272
BRDA:296,8,0,9
BRDA:296,8,1,83
BRDA:313,9,0,1
BRDA:313,9,1,1
BRDA:330,10,0,1
BRDA:330,10,1,1
BRDA:338,11,0,92
BRDA:338,11,1,2
BRF:24
BRH:24
end_of_record
TN:
SF:/home/trinh.van.tan/certificate-verify/blockchain-explorer/client/src/components/Panels/AdminPanel.js
FN:40,(anonymous_0)
FN:42,(anonymous_1)
FN:123,mapStateToProps
FNF:3
FNH:0
FNDA:0,(anonymous_0)
FNDA:0,(anonymous_1)
FNDA:0,mapStateToProps
DA:40,0
DA:43,0
DA:44,0
DA:124,0
LF:4
LH:0
BRF:0
BRH:0
end_of_record
TN:
SF:/home/trinh.van.tan/certificate-verify/blockchain-explorer/client/src/components/Panels/NotificationsPanel.js
FN:16,(anonymous_0)
FN:45,(anonymous_1)
FN:62,(anonymous_2)
FN:84,(anonymous_3)
FNF:4
FNH:4
FNDA:2,(anonymous_0)
FNDA:3,(anonymous_1)
FNDA:3,(anonymous_2)
FNDA:3,(anonymous_3)
DA:16,3
DA:17,2
DA:18,2
DA:19,2
DA:45,3
DA:46,3
DA:48,3
DA:54,0
DA:63,3
DA:64,3
DA:65,0
DA:80,3
DA:85,3
LF:13
LH:11
BRDA:29,0,0,1
BRDA:29,0,1,1
BRDA:30,1,0,1
BRDA:30,1,1,1
BRDA:34,2,0,1
BRDA:34,2,1,1
BRDA:35,3,0,1
BRDA:35,3,1,1
BRDA:38,4,0,1
BRDA:38,4,1,1
BRDA:39,5,0,1
BRDA:39,5,1,1
BRDA:46,6,0,3
BRDA:46,6,1,0
BRDA:64,7,0,0
BRDA:64,7,1,3
BRF:16
BRH:14
end_of_record
TN:
SF:/home/trinh.van.tan/certificate-verify/blockchain-explorer/client/src/components/Styled/DatePicker.js
FN:52,(anonymous_0)
FNF:1
FNH:1
FNDA:410,(anonymous_0)
DA:52,7
DA:53,410
DA:54,410
LF:3
LH:3
BRF:0
BRH:0
end_of_record
TN:
SF:/home/trinh.van.tan/certificate-verify/blockchain-explorer/client/src/components/Styled/Modal.js
FN:7,(anonymous_0)
FN:98,(anonymous_1)
FNF:2
FNH:2
FNDA:10,(anonymous_0)
FNDA:65,(anonymous_1)
DA:7,13
DA:8,10
DA:9,10
DA:10,10
DA:98,65
LF:5
LH:5
BRDA:13,0,0,2
BRDA:13,0,1,8
BRDA:26,1,0,2
BRDA:26,1,1,8
BRDA:27,2,0,2
BRDA:27,2,1,8
BRDA:30,3,0,2
BRDA:30,3,1,8
BRDA:31,4,0,2
BRDA:31,4,1,8
BRDA:34,5,0,2
BRDA:34,5,1,8
BRDA:35,6,0,2
BRDA:35,6,1,8
BRDA:42,7,0,2
BRDA:42,7,1,8
BRDA:46,8,0,2
BRDA:46,8,1,8
BRDA:51,9,0,2
BRDA:51,9,1,8
BRDA:56,10,0,2
BRDA:56,10,1,8
BRDA:98,11,0,65
BRDA:98,11,1,65
BRF:24
BRH:24
end_of_record
TN:
SF:/home/trinh.van.tan/certificate-verify/blockchain-explorer/client/src/components/Styled/MultiSelect.js
FN:53,(anonymous_0)
FNF:1
FNH:1
FNDA:205,(anonymous_0)
DA:53,6
DA:54,205
DA:55,205
LF:3
LH:3
BRF:0
BRH:0
end_of_record
TN:
SF:/home/trinh.van.tan/certificate-verify/blockchain-explorer/client/src/components/Styled/Select.js
FN:11,(anonymous_0)
FN:60,(anonymous_1)
FNF:2
FNH:2
FNDA:2,(anonymous_0)
FNDA:3,(anonymous_1)
DA:11,3
DA:12,2
DA:13,2
DA:14,2
DA:60,3
DA:63,3
DA:64,3
DA:65,3
LF:8
LH:8
BRDA:17,0,0,1
BRDA:17,0,1,1
BRDA:18,1,0,1
BRDA:18,1,1,1
BRDA:26,2,0,1
BRDA:26,2,1,1
BRDA:27,3,0,1
BRDA:27,3,1,1
BRDA:30,4,0,1
BRDA:30,4,1,1
BRDA:31,5,0,1
BRDA:31,5,1,1
BRDA:34,6,0,1
BRDA:34,6,1,1
BRDA:35,7,0,1
BRDA:35,7,1,1
BRDA:38,8,0,1
BRDA:38,8,1,1
BRDA:39,9,0,1
BRDA:39,9,1,1
BRDA:42,10,0,1
BRDA:42,10,1,1
BRDA:53,11,0,1
BRDA:53,11,1,1
BRDA:54,12,0,1
BRDA:54,12,1,1
BRDA:62,13,0,3
BRDA:64,14,0,3
BRDA:64,14,1,0
BRF:29
BRH:28
end_of_record
TN:
SF:/home/trinh.van.tan/certificate-verify/blockchain-explorer/client/src/components/Styled/Table.js
FN:62,(anonymous_0)
FN:74,(anonymous_1)
FNF:2
FNH:2
FNDA:242,(anonymous_0)
FNDA:264,(anonymous_1)
DA:62,15
DA:63,242
DA:64,242
DA:70,242
DA:74,264
LF:5
LH:5
BRDA:63,0,0,241
BRDA:63,1,0,37
BRDA:68,2,0,242
BRDA:68,2,1,205
BRF:4
BRH:4
end_of_record
TN:
SF:/home/trinh.van.tan/certificate-verify/blockchain-explorer/client/src/components/Styled/View.js
FN:9,(anonymous_0)
FN:32,(anonymous_1)
FNF:2
FNH:2
FNDA:2,(anonymous_0)
FNDA:3,(anonymous_1)
DA:9,8
DA:10,2
DA:11,2
DA:12,2
DA:32,8
DA:33,3
LF:6
LH:6
BRDA:16,0,0,1
BRDA:16,0,1,1
BRDA:23,1,0,1
BRDA:23,1,1,1
BRDA:26,2,0,1
BRDA:26,2,1,1
BRDA:27,3,0,1
BRDA:27,3,1,1
BRF:8
BRH:8
end_of_record
TN:
SF:/home/trinh.van.tan/certificate-verify/blockchain-explorer/client/src/components/View/BlockView.js
FN:13,(anonymous_0)
FN:21,(anonymous_1)
FN:26,(anonymous_2)
FN:31,(anonymous_3)
FN:50,(anonymous_4)
FNF:5
FNH:4
FNDA:3,(anonymous_0)
FNDA:0,(anonymous_1)
FNDA:24,(anonymous_2)
FNDA:1,(anonymous_3)
FNDA:22,(anonymous_4)
DA:13,7
DA:21,9
DA:22,0
DA:23,0
DA:27,24
DA:28,24
DA:29,2
DA:32,1
DA:48,22
DA:51,22
DA:134,7
LF:11
LH:9
BRDA:28,0,0,2
BRDA:28,0,1,22
BRF:2
BRH:2
end_of_record
TN:
SF:/home/trinh.van.tan/certificate-verify/blockchain-explorer/client/src/components/View/BlocksView.js
FN:15,(anonymous_0)
FNF:1
FNH:1
FNDA:1,(anonymous_0)
DA:15,3
DA:24,1
DA:37,3
DA:44,3
LF:4
LH:4
BRF:0
BRH:0
end_of_record
TN:
SF:/home/trinh.van.tan/certificate-verify/blockchain-explorer/client/src/components/View/ChaincodeModal.js
FN:13,(anonymous_0)
FN:47,(anonymous_1)
FN:52,(anonymous_2)
FN:62,(anonymous_3)
FNF:4
FNH:3
FNDA:3,(anonymous_0)
FNDA:0,(anonymous_1)
FNDA:9,(anonymous_2)
FNDA:8,(anonymous_3)
DA:13,5
DA:14,3
DA:15,3
DA:16,3
DA:47,5
DA:48,0
DA:49,0
DA:53,9
DA:55,9
DA:58,9
DA:60,9
DA:63,8
DA:93,5
DA:97,5
LF:14
LH:12
BRDA:23,0,0,1
BRDA:23,0,1,2
BRDA:24,1,0,1
BRDA:24,1,1,2
BRDA:35,2,0,1
BRDA:35,2,1,2
BRDA:38,3,0,1
BRDA:38,3,1,2
BRDA:41,4,0,1
BRDA:41,4,1,2
BRF:10
BRH:10
end_of_record
TN:
SF:/home/trinh.van.tan/certificate-verify/blockchain-explorer/client/src/components/View/ChaincodeView.js
FN:10,(anonymous_0)
FNF:1
FNH:1
FNDA:1,(anonymous_0)
DA:10,3
DA:11,1
DA:16,3
LF:3
LH:3
BRF:0
BRH:0
end_of_record
TN:
SF:/home/trinh.van.tan/certificate-verify/blockchain-explorer/client/src/components/View/ChannelsView.js
FN:10,(anonymous_0)
FNF:1
FNH:1
FNDA:1,(anonymous_0)
DA:10,3
DA:11,1
DA:16,3
LF:3
LH:3
BRF:0
BRH:0
end_of_record
TN:
SF:/home/trinh.van.tan/certificate-verify/blockchain-explorer/client/src/components/View/DashboardView.js
FN:100,(anonymous_0)
FN:108,(anonymous_1)
FN:127,(anonymous_2)
FN:132,(anonymous_3)
FN:137,(anonymous_4)
FN:157,(anonymous_5)
FNF:6
FNH:6
FNDA:6,(anonymous_0)
FNDA:6,(anonymous_1)
FNDA:6,(anonymous_2)
FNDA:1,(anonymous_3)
FNDA:8,(anonymous_4)
FNDA:14,(anonymous_5)
DA:101,6
DA:102,6
DA:115,6
DA:116,6
DA:123,3
DA:128,6
DA:129,6
DA:133,1
DA:134,1
DA:137,6
DA:138,8
DA:139,8
DA:140,5
DA:141,15
DA:142,15
DA:151,15
DA:154,8
DA:158,14
DA:159,14
DA:160,14
DA:161,6
DA:177,8
DA:178,8
DA:268,3
LF:24
LH:24
BRDA:116,0,0,3
BRDA:116,0,1,3
BRDA:117,1,0,6
BRDA:117,1,1,3
BRDA:117,1,2,3
BRDA:117,1,3,3
BRDA:117,1,4,3
BRDA:139,2,0,5
BRDA:139,2,1,3
BRDA:140,3,0,20
BRDA:140,3,1,15
BRDA:140,3,2,15
BRDA:160,4,0,6
BRDA:160,4,1,8
BRF:14
BRH:14
end_of_record
TN:
SF:/home/trinh.van.tan/certificate-verify/blockchain-explorer/client/src/components/View/NetworkView.js
FN:10,(anonymous_0)
FNF:1
FNH:1
FNDA:1,(anonymous_0)
DA:10,3
DA:11,1
DA:16,3
LF:3
LH:3
BRF:0
BRH:0
end_of_record
TN:
SF:/home/trinh.van.tan/certificate-verify/blockchain-explorer/client/src/components/View/PageNotFound.js
FN:6,(anonymous_0)
FN:37,(anonymous_1)
FNF:2
FNH:2
FNDA:2,(anonymous_0)
FNDA:3,(anonymous_1)
DA:6,3
DA:7,2
DA:8,2
DA:9,2
DA:37,3
DA:38,3
LF:6
LH:6
BRDA:14,0,0,1
BRDA:14,0,1,1
BRDA:24,1,0,1
BRDA:24,1,1,1
BRF:4
BRH:4
end_of_record
TN:
SF:/home/trinh.van.tan/certificate-verify/blockchain-explorer/client/src/components/View/TransactionView.js
FN:51,(anonymous_0)
FN:72,(anonymous_1)
FN:77,(anonymous_2)
FN:82,(anonymous_3)
FN:111,(anonymous_4)
FN:200,(anonymous_5)
FNF:6
FNH:5
FNDA:5,(anonymous_0)
FNDA:0,(anonymous_1)
FNDA:35,(anonymous_2)
FNDA:2,(anonymous_3)
FNDA:30,(anonymous_4)
FNDA:2,(anonymous_5)
DA:14,7
DA:32,7
DA:51,7
DA:64,7
DA:67,7
DA:72,14
DA:73,0
DA:74,0
DA:78,35
DA:79,35
DA:80,2
DA:83,2
DA:108,33
DA:109,30
DA:112,30
DA:198,3
DA:201,2
DA:228,7
DA:232,7
LF:19
LH:17
BRDA:79,0,0,2
BRDA:79,0,1,33
BRDA:79,1,0,35
BRDA:79,1,1,32
BRDA:108,2,0,30
BRDA:108,2,1,3
BRF:6
BRH:6
end_of_record
TN:
SF:/home/trinh.van.tan/certificate-verify/blockchain-explorer/client/src/components/View/TransactionsView.js
FN:17,(anonymous_0)
FNF:1
FNH:1
FNDA:1,(anonymous_0)
DA:17,3
DA:28,1
DA:43,3
LF:3
LH:3
BRF:0
BRH:0
end_of_record
TN:
SF:/home/trinh.van.tan/certificate-verify/blockchain-explorer/client/src/state/redux/auth/actions.js
FN:7,(anonymous_0)
FN:12,(anonymous_1)
FN:17,(anonymous_2)
FN:22,(anonymous_3)
FNF:4
FNH:4
FNDA:1,(anonymous_0)
FNDA:1,(anonymous_1)
FNDA:3,(anonymous_2)
FNDA:1,(anonymous_3)
DA:7,6
DA:12,6
DA:17,6
DA:22,6
LF:4
LH:4
BRF:0
BRH:0
end_of_record
TN:
SF:/home/trinh.van.tan/certificate-verify/blockchain-explorer/client/src/state/redux/auth/reducers.js
FN:16,(anonymous_0)
FNF:1
FNH:1
FNDA:5,(anonymous_0)
DA:7,6
DA:16,6
DA:17,5
DA:19,1
DA:25,1
DA:31,1
DA:37,1
DA:43,1
LF:8
LH:8
BRDA:16,0,0,1
BRDA:17,1,0,1
BRDA:17,1,1,1
BRDA:17,1,2,1
BRDA:17,1,3,1
BRDA:17,1,4,1
BRF:6
BRH:6
end_of_record
TN:
SF:/home/trinh.van.tan/certificate-verify/blockchain-explorer/client/src/state/redux/auth/selectors.js
FN:5,(anonymous_0)
FN:7,(anonymous_1)
FN:9,(anonymous_2)
FN:11,(anonymous_3)
FNF:4
FNH:4
FNDA:1,(anonymous_0)
FNDA:1,(anonymous_1)
FNDA:1,(anonymous_2)
FNDA:1,(anonymous_3)
DA:5,6
DA:7,6
DA:9,6
DA:11,6
LF:4
LH:4
BRF:0
BRH:0
end_of_record
TN:
SF:/home/trinh.van.tan/certificate-verify/blockchain-explorer/client/src/state/redux/auth/types.js
FNF:0
FNH:0
DA:5,6
DA:7,6
DA:9,6
DA:11,6
DA:13,6
LF:5
LH:5
BRF:0
BRH:0
end_of_record
TN:
SF:/home/trinh.van.tan/certificate-verify/blockchain-explorer/client/src/state/redux/charts/actions.js
FN:7,(anonymous_0)
FN:11,(anonymous_1)
FN:16,(anonymous_2)
FN:21,(anonymous_3)
FN:26,(anonymous_4)
FN:31,(anonymous_5)
FN:36,(anonymous_6)
FN:41,(anonymous_7)
FN:45,(anonymous_8)
FN:49,(anonymous_9)
FN:54,(anonymous_10)
FN:59,(anonymous_11)
FN:64,(anonymous_12)
FNF:13
FNH:13
FNDA:2,(anonymous_0)
FNDA:2,(anonymous_1)
FNDA:2,(anonymous_2)
FNDA:2,(anonymous_3)
FNDA:2,(anonymous_4)
FNDA:2,(anonymous_5)
FNDA:2,(anonymous_6)
FNDA:2,(anonymous_7)
FNDA:2,(anonymous_8)
FNDA:2,(anonymous_9)
FNDA:2,(anonymous_10)
FNDA:2,(anonymous_11)
FNDA:2,(anonymous_12)
DA:7,10
DA:11,10
DA:16,10
DA:21,10
DA:26,10
DA:31,10
DA:36,10
DA:41,10
DA:45,10
DA:49,10
DA:54,10
DA:59,10
DA:64,10
LF:13
LH:13
BRF:0
BRH:0
end_of_record
TN:
SF:/home/trinh.van.tan/certificate-verify/blockchain-explorer/client/src/state/redux/charts/operations.js
FN:8,(anonymous_0)
FN:8,(anonymous_1)
FN:10,(anonymous_2)
FN:23,(anonymous_3)
FN:27,(anonymous_4)
FN:27,(anonymous_5)
FN:29,(anonymous_6)
FN:42,(anonymous_7)
FN:46,(anonymous_8)
FN:46,(anonymous_9)
FN:48,(anonymous_10)
FN:61,(anonymous_11)
FN:65,(anonymous_12)
FN:65,(anonymous_13)
FN:67,(anonymous_14)
FN:80,(anonymous_15)
FN:84,(anonymous_16)
FN:84,(anonymous_17)
FN:86,(anonymous_18)
FN:99,(anonymous_19)
FN:103,(anonymous_20)
FN:103,(anonymous_21)
FN:105,(anonymous_22)
FN:118,(anonymous_23)
FN:121,(anonymous_24)
FN:121,(anonymous_25)
FN:123,(anonymous_26)
FN:136,(anonymous_27)
FN:140,(anonymous_28)
FN:140,(anonymous_29)
FN:145,(anonymous_30)
FN:145,(anonymous_31)
FN:147,(anonymous_32)
FN:160,(anonymous_33)
FN:164,(anonymous_34)
FN:164,(anonymous_35)
FN:166,(anonymous_36)
FN:179,(anonymous_37)
FN:183,(anonymous_38)
FN:183,(anonymous_39)
FN:185,(anonymous_40)
FN:198,(anonymous_41)
FN:202,(anonymous_42)
FN:202,(anonymous_43)
FN:204,(anonymous_44)
FN:217,(anonymous_45)
FNF:46
FNH:46
FNDA:2,(anonymous_0)
FNDA:2,(anonymous_1)
FNDA:1,(anonymous_2)
FNDA:1,(anonymous_3)
FNDA:2,(anonymous_4)
FNDA:2,(anonymous_5)
FNDA:1,(anonymous_6)
FNDA:1,(anonymous_7)
FNDA:2,(anonymous_8)
FNDA:2,(anonymous_9)
FNDA:1,(anonymous_10)
FNDA:1,(anonymous_11)
FNDA:2,(anonymous_12)
FNDA:2,(anonymous_13)
FNDA:1,(anonymous_14)
FNDA:1,(anonymous_15)
FNDA:2,(anonymous_16)
FNDA:2,(anonymous_17)
FNDA:1,(anonymous_18)
FNDA:1,(anonymous_19)
FNDA:2,(anonymous_20)
FNDA:2,(anonymous_21)
FNDA:1,(anonymous_22)
FNDA:1,(anonymous_23)
FNDA:2,(anonymous_24)
FNDA:2,(anonymous_25)
FNDA:1,(anonymous_26)
FNDA:1,(anonymous_27)
FNDA:1,(anonymous_28)
FNDA:1,(anonymous_29)
FNDA:2,(anonymous_30)
FNDA:2,(anonymous_31)
FNDA:1,(anonymous_32)
FNDA:1,(anonymous_33)
FNDA:2,(anonymous_34)
FNDA:2,(anonymous_35)
FNDA:1,(anonymous_36)
FNDA:1,(anonymous_37)
FNDA:2,(anonymous_38)
FNDA:2,(anonymous_39)
FNDA:1,(anonymous_40)
FNDA:1,(anonymous_41)
FNDA:2,(anonymous_42)
FNDA:2,(anonymous_43)
FNDA:1,(anonymous_44)
FNDA:1,(anonymous_45)
DA:8,7
DA:9,2
DA:11,1
DA:12,0
DA:17,1
DA:18,0
DA:20,1
DA:24,1
DA:27,7
DA:28,2
DA:30,1
DA:31,0
DA:36,1
DA:37,0
DA:39,1
DA:43,1
DA:46,7
DA:47,2
DA:49,1
DA:50,0
DA:55,1
DA:56,0
DA:58,1
DA:62,1
DA:65,7
DA:66,2
DA:68,1
DA:69,0
DA:74,1
DA:75,0
DA:77,1
DA:81,1
DA:84,7
DA:85,2
DA:87,1
DA:88,0
DA:93,1
DA:94,0
DA:96,1
DA:100,1
DA:103,7
DA:104,2
DA:106,1
DA:107,0
DA:112,1
DA:113,0
DA:115,1
DA:119,1
DA:121,7
DA:122,2
DA:124,1
DA:125,0
DA:130,1
DA:131,0
DA:133,1
DA:137,1
DA:140,7
DA:141,1
DA:142,1
DA:145,7
DA:146,2
DA:148,1
DA:149,0
DA:154,1
DA:155,0
DA:157,1
DA:161,1
DA:164,7
DA:165,2
DA:167,1
DA:168,0
DA:173,1
DA:174,0
DA:176,1
DA:180,1
DA:183,7
DA:184,2
DA:186,1
DA:187,0
DA:192,1
DA:193,0
DA:195,1
DA:199,1
DA:202,7
DA:203,2
DA:205,1
DA:206,0
DA:211,1
DA:212,0
DA:214,1
DA:218,1
LF:91
LH:69
BRDA:11,0,0,0
BRDA:11,0,1,1
BRDA:17,1,0,0
BRDA:17,1,1,1
BRDA:30,2,0,0
BRDA:30,2,1,1
BRDA:36,3,0,0
BRDA:36,3,1,1
BRDA:49,4,0,0
BRDA:49,4,1,1
BRDA:55,5,0,0
BRDA:55,5,1,1
BRDA:68,6,0,0
BRDA:68,6,1,1
BRDA:74,7,0,0
BRDA:74,7,1,1
BRDA:87,8,0,0
BRDA:87,8,1,1
BRDA:93,9,0,0
BRDA:93,9,1,1
BRDA:106,10,0,0
BRDA:106,10,1,1
BRDA:112,11,0,0
BRDA:112,11,1,1
BRDA:124,12,0,0
BRDA:124,12,1,1
BRDA:130,13,0,0
BRDA:130,13,1,1
BRDA:148,14,0,0
BRDA:148,14,1,1
BRDA:154,15,0,0
BRDA:154,15,1,1
BRDA:167,16,0,0
BRDA:167,16,1,1
BRDA:173,17,0,0
BRDA:173,17,1,1
BRDA:186,18,0,0
BRDA:186,18,1,1
BRDA:192,19,0,0
BRDA:192,19,1,1
BRDA:205,20,0,0
BRDA:205,20,1,1
BRDA:211,21,0,0
BRDA:211,21,1,1
BRF:44
BRH:22
end_of_record
TN:
SF:/home/trinh.van.tan/certificate-verify/blockchain-explorer/client/src/state/redux/charts/reducers.js
FN:11,(anonymous_0)
FN:25,(anonymous_1)
FN:38,(anonymous_2)
FN:53,(anonymous_3)
FN:68,(anonymous_4)
FN:82,(anonymous_5)
FN:92,(anonymous_6)
FN:106,(anonymous_7)
FN:117,(anonymous_8)
FN:132,(anonymous_9)
FN:147,(anonymous_10)
FN:162,(anonymous_11)
FNF:12
FNH:12
FNDA:27,(anonymous_0)
FNDA:27,(anonymous_1)
FNDA:27,(anonymous_2)
FNDA:27,(anonymous_3)
FNDA:27,(anonymous_4)
FNDA:27,(anonymous_5)
FNDA:27,(anonymous_6)
FNDA:27,(anonymous_7)
FNDA:27,(anonymous_8)
FNDA:27,(anonymous_9)
FNDA:27,(anonymous_10)
FNDA:27,(anonymous_11)
DA:9,7
DA:11,7
DA:12,27
DA:14,1
DA:21,26
DA:25,7
DA:26,27
DA:28,1
DA:33,26
DA:38,7
DA:39,27
DA:41,1
DA:48,26
DA:53,7
DA:54,27
DA:56,1
DA:63,26
DA:68,7
DA:69,27
DA:71,1
DA:74,1
DA:77,25
DA:82,7
DA:83,27
DA:85,1
DA:88,26
DA:92,7
DA:93,27
DA:95,1
DA:102,26
DA:106,7
DA:107,27
DA:109,1
DA:112,26
DA:117,7
DA:118,27
DA:120,1
DA:127,26
DA:132,7
DA:133,27
DA:135,1
DA:142,26
DA:147,7
DA:148,27
DA:150,1
DA:157,26
DA:162,7
DA:163,27
DA:165,1
DA:172,26
DA:177,7
LF:51
LH:51
BRDA:11,0,0,27
BRDA:12,1,0,1
BRDA:12,1,1,26
BRDA:25,2,0,27
BRDA:26,3,0,1
BRDA:26,3,1,26
BRDA:38,4,0,27
BRDA:39,5,0,1
BRDA:39,5,1,26
BRDA:53,6,0,27
BRDA:54,7,0,1
BRDA:54,7,1,26
BRDA:68,8,0,27
BRDA:69,9,0,1
BRDA:69,9,1,1
BRDA:69,9,2,25
BRDA:82,10,0,27
BRDA:83,11,0,1
BRDA:83,11,1,26
BRDA:92,12,0,27
BRDA:93,13,0,1
BRDA:93,13,1,26
BRDA:106,14,0,27
BRDA:107,15,0,1
BRDA:107,15,1,26
BRDA:117,16,0,27
BRDA:118,17,0,1
BRDA:118,17,1,26
BRDA:132,18,0,27
BRDA:133,19,0,1
BRDA:133,19,1,26
BRDA:147,20,0,27
BRDA:148,21,0,1
BRDA:148,21,1,26
BRDA:162,22,0,27
BRDA:163,23,0,1
BRDA:163,23,1,26
BRF:37
BRH:37
end_of_record
TN:
SF:/home/trinh.van.tan/certificate-verify/blockchain-explorer/client/src/state/redux/charts/selectors.js
FN:5,(anonymous_0)
FN:6,(anonymous_1)
FN:7,(anonymous_2)
FN:8,(anonymous_3)
FN:9,(anonymous_4)
FN:10,(anonymous_5)
FN:11,(anonymous_6)
FN:12,(anonymous_7)
FN:13,(anonymous_8)
FN:14,(anonymous_9)
FN:15,(anonymous_10)
FN:16,(anonymous_11)
FNF:12
FNH:12
FNDA:1,(anonymous_0)
FNDA:1,(anonymous_1)
FNDA:1,(anonymous_2)
FNDA:1,(anonymous_3)
FNDA:1,(anonymous_4)
FNDA:1,(anonymous_5)
FNDA:1,(anonymous_6)
FNDA:1,(anonymous_7)
FNDA:1,(anonymous_8)
FNDA:1,(anonymous_9)
FNDA:1,(anonymous_10)
FNDA:1,(anonymous_11)
DA:5,7
DA:6,7
DA:7,7
DA:8,7
DA:9,7
DA:10,7
DA:11,7
DA:12,7
DA:13,7
DA:14,7
DA:15,7
DA:16,7
LF:12
LH:12
BRF:0
BRH:0
end_of_record
TN:
SF:/home/trinh.van.tan/certificate-verify/blockchain-explorer/client/src/state/redux/charts/types.js
FNF:0
FNH:0
DA:5,10
DA:7,10
DA:8,10
DA:9,10
DA:10,10
DA:13,10
DA:16,10
DA:19,10
DA:22,10
DA:23,10
DA:24,10
DA:26,10
DA:28,10
DA:30,10
LF:14
LH:14
BRF:0
BRH:0
end_of_record
TN:
SF:/home/trinh.van.tan/certificate-verify/blockchain-explorer/client/src/state/redux/tables/actions.js
FN:7,(anonymous_0)
FN:11,(anonymous_1)
FN:16,(anonymous_2)
FN:21,(anonymous_3)
FN:26,(anonymous_4)
FN:31,(anonymous_5)
FN:36,(anonymous_6)
FN:40,(anonymous_7)
FNF:8
FNH:8
FNDA:2,(anonymous_0)
FNDA:2,(anonymous_1)
FNDA:2,(anonymous_2)
FNDA:2,(anonymous_3)
FNDA:2,(anonymous_4)
FNDA:2,(anonymous_5)
FNDA:2,(anonymous_6)
FNDA:2,(anonymous_7)
DA:7,5
DA:11,5
DA:16,5
DA:21,5
DA:26,5
DA:31,5
DA:36,5
DA:40,5
LF:8
LH:8
BRF:0
BRH:0
end_of_record
TN:
SF:/home/trinh.van.tan/certificate-verify/blockchain-explorer/client/src/state/redux/tables/operations.js
FN:7,(anonymous_0)
FN:7,(anonymous_1)
FN:9,(anonymous_2)
FN:22,(anonymous_3)
FN:25,(anonymous_4)
FN:25,(anonymous_5)
FN:27,(anonymous_6)
FN:30,(anonymous_7)
FN:34,(anonymous_8)
FN:34,(anonymous_9)
FN:36,(anonymous_10)
FN:49,(anonymous_11)
FN:54,(anonymous_12)
FN:54,(anonymous_13)
FN:56,(anonymous_14)
FN:69,(anonymous_15)
FN:73,(anonymous_16)
FN:73,(anonymous_17)
FN:75,(anonymous_18)
FN:88,(anonymous_19)
FN:92,(anonymous_20)
FN:92,(anonymous_21)
FN:94,(anonymous_22)
FN:107,(anonymous_23)
FN:111,(anonymous_24)
FN:111,(anonymous_25)
FN:113,(anonymous_26)
FN:116,(anonymous_27)
FN:120,(anonymous_28)
FN:120,(anonymous_29)
FN:122,(anonymous_30)
FN:135,(anonymous_31)
FNF:32
FNH:32
FNDA:2,(anonymous_0)
FNDA:2,(anonymous_1)
FNDA:1,(anonymous_2)
FNDA:1,(anonymous_3)
FNDA:2,(anonymous_4)
FNDA:2,(anonymous_5)
FNDA:1,(anonymous_6)
FNDA:1,(anonymous_7)
FNDA:2,(anonymous_8)
FNDA:2,(anonymous_9)
FNDA:1,(anonymous_10)
FNDA:1,(anonymous_11)
FNDA:2,(anonymous_12)
FNDA:2,(anonymous_13)
FNDA:1,(anonymous_14)
FNDA:1,(anonymous_15)
FNDA:2,(anonymous_16)
FNDA:2,(anonymous_17)
FNDA:1,(anonymous_18)
FNDA:1,(anonymous_19)
FNDA:2,(anonymous_20)
FNDA:2,(anonymous_21)
FNDA:1,(anonymous_22)
FNDA:1,(anonymous_23)
FNDA:2,(anonymous_24)
FNDA:2,(anonymous_25)
FNDA:1,(anonymous_26)
FNDA:1,(anonymous_27)
FNDA:2,(anonymous_28)
FNDA:2,(anonymous_29)
FNDA:1,(anonymous_30)
FNDA:1,(anonymous_31)
DA:7,5
DA:8,2
DA:10,1
DA:11,0
DA:16,1
DA:17,0
DA:19,1
DA:23,1
DA:25,5
DA:26,2
DA:28,1
DA:31,1
DA:34,5
DA:35,2
DA:37,1
DA:38,0
DA:43,1
DA:44,0
DA:46,1
DA:50,1
DA:54,5
DA:55,2
DA:57,1
DA:58,0
DA:63,1
DA:64,0
DA:66,1
DA:70,1
DA:73,5
DA:74,2
DA:76,1
DA:77,0
DA:82,1
DA:83,0
DA:85,1
DA:89,1
DA:92,5
DA:93,2
DA:95,1
DA:96,0
DA:101,1
DA:102,0
DA:104,1
DA:108,1
DA:111,5
DA:112,2
DA:114,1
DA:117,1
DA:120,5
DA:121,2
DA:123,1
DA:124,0
DA:129,1
DA:130,0
DA:132,1
DA:136,1
LF:56
LH:44
BRDA:10,0,0,0
BRDA:10,0,1,1
BRDA:16,1,0,0
BRDA:16,1,1,1
BRDA:37,2,0,0
BRDA:37,2,1,1
BRDA:43,3,0,0
BRDA:43,3,1,1
BRDA:57,4,0,0
BRDA:57,4,1,1
BRDA:63,5,0,0
BRDA:63,5,1,1
BRDA:76,6,0,0
BRDA:76,6,1,1
BRDA:82,7,0,0
BRDA:82,7,1,1
BRDA:95,8,0,0
BRDA:95,8,1,1
BRDA:101,9,0,0
BRDA:101,9,1,1
BRDA:123,10,0,0
BRDA:123,10,1,1
BRDA:129,11,0,0
BRDA:129,11,1,1
BRF:24
BRH:12
end_of_record
TN:
SF:/home/trinh.van.tan/certificate-verify/blockchain-explorer/client/src/state/redux/tables/reducers.js
FN:10,(anonymous_0)
FN:25,(anonymous_1)
FN:40,(anonymous_2)
FN:55,(anonymous_3)
FN:70,(anonymous_4)
FN:85,(anonymous_5)
FN:100,(anonymous_6)
FN:115,(anonymous_7)
FNF:8
FNH:8
FNDA:18,(anonymous_0)
FNDA:18,(anonymous_1)
FNDA:18,(anonymous_2)
FNDA:18,(anonymous_3)
FNDA:18,(anonymous_4)
FNDA:18,(anonymous_5)
FNDA:18,(anonymous_6)
FNDA:18,(anonymous_7)
DA:8,5
DA:10,5
DA:11,18
DA:13,1
DA:20,17
DA:25,5
DA:26,18
DA:28,1
DA:35,17
DA:40,5
DA:41,18
DA:43,1
DA:50,17
DA:55,5
DA:56,18
DA:58,1
DA:65,17
DA:70,5
DA:71,18
DA:73,1
DA:80,17
DA:85,5
DA:86,18
DA:88,1
DA:95,17
DA:100,5
DA:101,18
DA:103,1
DA:110,17
DA:115,5
DA:116,18
DA:118,1
DA:125,17
DA:130,5
LF:34
LH:34
BRDA:10,0,0,18
BRDA:11,1,0,1
BRDA:11,1,1,17
BRDA:25,2,0,18
BRDA:26,3,0,1
BRDA:26,3,1,17
BRDA:40,4,0,18
BRDA:41,5,0,1
BRDA:41,5,1,17
BRDA:55,6,0,18
BRDA:56,7,0,1
BRDA:56,7,1,17
BRDA:70,8,0,18
BRDA:71,9,0,1
BRDA:71,9,1,17
BRDA:85,10,0,18
BRDA:86,11,0,1
BRDA:86,11,1,17
BRDA:100,12,0,18
BRDA:101,13,0,1
BRDA:101,13,1,17
BRDA:115,14,0,18
BRDA:116,15,0,1
BRDA:116,15,1,17
BRF:24
BRH:24
end_of_record
TN:
SF:/home/trinh.van.tan/certificate-verify/blockchain-explorer/client/src/state/redux/tables/selectors.js
FN:5,(anonymous_0)
FN:6,(anonymous_1)
FN:7,(anonymous_2)
FN:8,(anonymous_3)
FN:9,(anonymous_4)
FN:10,(anonymous_5)
FN:11,(anonymous_6)
FN:12,(anonymous_7)
FNF:8
FNH:8
FNDA:1,(anonymous_0)
FNDA:1,(anonymous_1)
FNDA:1,(anonymous_2)
FNDA:1,(anonymous_3)
FNDA:1,(anonymous_4)
FNDA:1,(anonymous_5)
FNDA:1,(anonymous_6)
FNDA:1,(anonymous_7)
DA:5,5
DA:6,5
DA:7,5
DA:8,5
DA:9,5
DA:10,5
DA:11,5
DA:12,5
LF:8
LH:8
BRF:0
BRH:0
end_of_record
TN:
SF:/home/trinh.van.tan/certificate-verify/blockchain-explorer/client/src/state/redux/tables/types.js
FNF:0
FNH:0
DA:5,5
DA:7,5
DA:8,5
DA:9,5
DA:10,5
DA:11,5
DA:12,5
DA:13,5
DA:14,5
DA:15,5
LF:10
LH:10
BRF:0
BRH:0
end_of_record
TN:
SF:/home/trinh.van.tan/certificate-verify/blockchain-explorer/client/src/state/redux/theme/actions.js
FN:7,(anonymous_0)
FNF:1
FNH:1
FNDA:1,(anonymous_0)
DA:7,3
LF:1
LH:1
BRF:0
BRH:0
end_of_record
TN:
SF:/home/trinh.van.tan/certificate-verify/blockchain-explorer/client/src/state/redux/theme/reducers.js
FN:8,(anonymous_0)
FNF:1
FNH:1
FNDA:2,(anonymous_0)
DA:8,3
DA:9,2
DA:11,1
DA:17,1
LF:4
LH:4
BRDA:8,0,0,1
BRDA:9,1,0,1
BRDA:9,1,1,1
BRF:3
BRH:3
end_of_record
TN:
SF:/home/trinh.van.tan/certificate-verify/blockchain-explorer/client/src/state/redux/theme/selectors.js
FN:5,(anonymous_0)
FNF:1
FNH:1
FNDA:1,(anonymous_0)
DA:5,3
LF:1
LH:1
BRF:0
BRH:0
end_of_record
TN:
SF:/home/trinh.van.tan/certificate-verify/blockchain-explorer/client/src/state/redux/theme/types.js
FNF:0
FNH:0
DA:5,3
DA:7,3
LF:2
LH:2
BRF:0
BRH:0
end_of_record
